#
# There is insufficient memory for the Java Runtime Environment to continue.
# Native memory allocation (mmap) failed to map 159383552 bytes for committing reserved memory.
# Possible reasons:
#   The system is out of physical RAM or swap space
#   In 32 bit mode, the process size limit was hit
# Possible solutions:
#   Reduce memory load on the system
#   Increase physical memory or swap space
#   Check if swap backing store is full
#   Use 64 bit Java on a 64 bit OS
#   Decrease Java heap size (-Xmx/-Xms)
#   Decrease number of Java threads
#   Decrease Java thread stack sizes (-Xss)
#   Set larger code cache with -XX:ReservedCodeCacheSize=
# This output file may be truncated or incomplete.
#
#  Out of Memory Error (os_linux.cpp:2643), pid=11728, tid=0x00007f85c870b700
#
# JRE version: OpenJDK Runtime Environment (8.0_151-b12) (build 1.8.0_151-8u151-b12-0ubuntu0.17.04.2-b12)
# Java VM: OpenJDK 64-Bit Server VM (25.151-b12 mixed mode linux-amd64 compressed oops)
# Failed to write core dump. Core dumps have been disabled. To enable core dumping, try "ulimit -c unlimited" before starting Java again
#

---------------  T H R E A D  ---------------

Current thread (0x00007f85e80de000):  VMThread [stack: 0x00007f85c860b000,0x00007f85c870c000] [id=11738]

Stack: [0x00007f85c860b000,0x00007f85c870c000],  sp=0x00007f85c870a420,  free space=1021k
Native frames: (J=compiled Java code, j=interpreted, Vv=VM code, C=native code)
V  [libjvm.so+0xa6b400]
V  [libjvm.so+0x4c67fc]
V  [libjvm.so+0x8baca6]
V  [libjvm.so+0x8b554c]
V  [libjvm.so+0x59297c]
V  [libjvm.so+0x592bf7]
V  [libjvm.so+0x595755]
V  [libjvm.so+0x5fa576]
V  [libjvm.so+0x5fb4c7]
V  [libjvm.so+0x5fb98d]
V  [libjvm.so+0x56dc2a]
V  [libjvm.so+0x5797cf]
V  [libjvm.so+0xa73362]
V  [libjvm.so+0xa721e7]
V  [libjvm.so+0xa6f977]
V  [libjvm.so+0xa70df6]
V  [libjvm.so+0xa712f1]
V  [libjvm.so+0x8b8122]

VM_Operation (0x00007f85b84bd2f0): G1IncCollectionPause, mode: safepoint, requested by thread 0x00007f85b03c5800


---------------  P R O C E S S  ---------------

Java Threads: ( => current thread )
  0x00007f85e8800800 JavaThread "Worker-4" [_thread_blocked, id=11809, stack(0x00007f85983ce000,0x00007f85984cf000)]
  0x00007f85c41da000 JavaThread "Bundle File Closer" daemon [_thread_blocked, id=11806, stack(0x00007f85984cf000,0x00007f85985d0000)]
  0x00007f85c0088000 JavaThread "Keep-Alive-Timer" daemon [_thread_blocked, id=11805, stack(0x00007f85980cb000,0x00007f85981cc000)]
  0x00007f85cc01e800 JavaThread "Worker-3" [_thread_blocked, id=11769, stack(0x00007f85987d0000,0x00007f85988d1000)]
  0x00007f85e87fe000 JavaThread "pool-1-thread-1" [_thread_in_native, id=11767, stack(0x00007f8598cfe000,0x00007f8598dff000)]
  0x00007f85c4001000 JavaThread "Worker-2" [_thread_blocked, id=11766, stack(0x00007f85b80bb000,0x00007f85b81bc000)]
  0x00007f85e878d000 JavaThread "pool-2-thread-1" [_thread_blocked, id=11765, stack(0x00007f85b81bc000,0x00007f85b82bd000)]
  0x00007f85c0001000 JavaThread "Worker-1" [_thread_blocked, id=11764, stack(0x00007f85b82bd000,0x00007f85b83be000)]
  0x00007f85b03c5800 JavaThread "Java indexing" daemon [_thread_blocked, id=11763, stack(0x00007f85b83be000,0x00007f85b84bf000)]
  0x00007f85b0270000 JavaThread "Worker-0" [_thread_blocked, id=11762, stack(0x00007f85b88bf000,0x00007f85b89c0000)]
  0x00007f85b01f1800 JavaThread "Worker-JM" [_thread_blocked, id=11761, stack(0x00007f85b89c0000,0x00007f85b8ac1000)]
  0x00007f85e8787800 JavaThread "Refresh Thread: Equinox Container: 440ae371-99a5-402e-a67c-f33f97b1dffd" daemon [_thread_blocked, id=11759, stack(0x00007f85b90f6000,0x00007f85b91f7000)]
  0x00007f85e849d800 JavaThread "Start Level: Equinox Container: 440ae371-99a5-402e-a67c-f33f97b1dffd" daemon [_thread_blocked, id=11758, stack(0x00007f85b9363000,0x00007f85b9464000)]
  0x00007f85e8499800 JavaThread "Framework Event Dispatcher: org.eclipse.osgi.internal.framework.EquinoxEventPublisher@5034c75a" daemon [_thread_blocked, id=11757, stack(0x00007f85b9464000,0x00007f85b9565000)]
  0x00007f85e8469000 JavaThread "Active Thread: Equinox Container: 440ae371-99a5-402e-a67c-f33f97b1dffd" [_thread_blocked, id=11756, stack(0x00007f85b9565000,0x00007f85b9666000)]
  0x00007f85e826e000 JavaThread "process reaper" daemon [_thread_blocked, id=11754, stack(0x00007f85b9aa7000,0x00007f85b9ae0000)]
  0x00007f85e8124000 JavaThread "Service Thread" daemon [_thread_blocked, id=11745, stack(0x00007f85b9bfc000,0x00007f85b9cfd000)]
  0x00007f85e811c800 JavaThread "C1 CompilerThread1" daemon [_thread_blocked, id=11744, stack(0x00007f85b9cfd000,0x00007f85b9dfe000)]
  0x00007f85e811a800 JavaThread "C2 CompilerThread0" daemon [_thread_blocked, id=11743, stack(0x00007f85b9dfe000,0x00007f85b9eff000)]
  0x00007f85e8118000 JavaThread "Signal Dispatcher" daemon [_thread_blocked, id=11742, stack(0x00007f85b9eff000,0x00007f85ba000000)]
  0x00007f85e8116800 JavaThread "Surrogate Locker Thread (Concurrent GC)" daemon [_thread_blocked, id=11741, stack(0x00007f85c802d000,0x00007f85c812e000)]
  0x00007f85e80ea000 JavaThread "Finalizer" daemon [_thread_blocked, id=11740, stack(0x00007f85c8409000,0x00007f85c850a000)]
  0x00007f85e80e5800 JavaThread "Reference Handler" daemon [_thread_blocked, id=11739, stack(0x00007f85c850a000,0x00007f85c860b000)]
  0x00007f85e800a800 JavaThread "main" [_thread_blocked, id=11729, stack(0x00007f85eef87000,0x00007f85ef088000)]

Other Threads:
=>0x00007f85e80de000 VMThread [stack: 0x00007f85c860b000,0x00007f85c870c000] [id=11738]
  0x00007f85e8127000 WatcherThread [stack: 0x00007f85b9afb000,0x00007f85b9bfc000] [id=11746]

VM state:at safepoint (normal execution)

VM Mutex/Monitor currently owned by a thread:  ([mutex/lock_event])
[0x00007f85e8006fa0] Threads_lock - owner thread: 0x00007f85e80de000
[0x00007f85e80074a0] Heap_lock - owner thread: 0x00007f85b03c5800

Heap:
 garbage-first heap   total 425984K, used 100032K [0x00000000c0000000, 0x00000000c0100d00, 0x0000000100000000)
  region size 1024K, 18 young (18432K), 18 survivors (18432K)
 Metaspace       used 43251K, capacity 45684K, committed 45824K, reserved 1089536K
  class space    used 4592K, capacity 5342K, committed 5376K, reserved 1048576K

Heap Regions: (Y=young(eden), SU=young(survivor), HS=humongous(starts), HC=humongous(continues), CS=collection set, F=free, TS=gc time stamp, PTAMS=previous top-at-mark-start, NTAMS=next top-at-mark-start)
AC   0  O    TS     0 PTAMS 0x00000000c0100000 NTAMS 0x00000000c0100000 space 1024K, 100% used [0x00000000c0000000, 0x00000000c0100000)
AC   0  O    TS     0 PTAMS 0x00000000c0200000 NTAMS 0x00000000c0200000 space 1024K, 100% used [0x00000000c0100000, 0x00000000c0200000)
AC   0  O    TS     0 PTAMS 0x00000000c0300000 NTAMS 0x00000000c0300000 space 1024K, 100% used [0x00000000c0200000, 0x00000000c0300000)
AC   0  O    TS     0 PTAMS 0x00000000c0400000 NTAMS 0x00000000c0400000 space 1024K, 100% used [0x00000000c0300000, 0x00000000c0400000)
AC   0  O    TS     0 PTAMS 0x00000000c0500000 NTAMS 0x00000000c0500000 space 1024K, 100% used [0x00000000c0400000, 0x00000000c0500000)
AC   0  O    TS     0 PTAMS 0x00000000c0600000 NTAMS 0x00000000c0600000 space 1024K, 100% used [0x00000000c0500000, 0x00000000c0600000)
AC   0  O    TS     0 PTAMS 0x00000000c0700000 NTAMS 0x00000000c0700000 space 1024K, 100% used [0x00000000c0600000, 0x00000000c0700000)
AC   0  O    TS     0 PTAMS 0x00000000c0800000 NTAMS 0x00000000c0800000 space 1024K, 100% used [0x00000000c0700000, 0x00000000c0800000)
AC   0  O    TS     0 PTAMS 0x00000000c0900000 NTAMS 0x00000000c0900000 space 1024K, 100% used [0x00000000c0800000, 0x00000000c0900000)
AC   0  O    TS     0 PTAMS 0x00000000c0a00000 NTAMS 0x00000000c0a00000 space 1024K, 100% used [0x00000000c0900000, 0x00000000c0a00000)
AC   0  O    TS     0 PTAMS 0x00000000c0b00000 NTAMS 0x00000000c0b00000 space 1024K, 100% used [0x00000000c0a00000, 0x00000000c0b00000)
AC   0  O    TS     0 PTAMS 0x00000000c0c00000 NTAMS 0x00000000c0c00000 space 1024K, 100% used [0x00000000c0b00000, 0x00000000c0c00000)
AC   0  O    TS     0 PTAMS 0x00000000c0d00000 NTAMS 0x00000000c0d00000 space 1024K, 100% used [0x00000000c0c00000, 0x00000000c0d00000)
AC   0  O    TS     0 PTAMS 0x00000000c0e00000 NTAMS 0x00000000c0e00000 space 1024K, 100% used [0x00000000c0d00000, 0x00000000c0e00000)
AC   0  O    TS     0 PTAMS 0x00000000c0f00000 NTAMS 0x00000000c0f00000 space 1024K, 100% used [0x00000000c0e00000, 0x00000000c0f00000)
AC   0  O    TS     0 PTAMS 0x00000000c1000000 NTAMS 0x00000000c1000000 space 1024K, 100% used [0x00000000c0f00000, 0x00000000c1000000)
AC   0  O    TS     0 PTAMS 0x00000000c1100000 NTAMS 0x00000000c1100000 space 1024K, 100% used [0x00000000c1000000, 0x00000000c1100000)
AC   0  O    TS     0 PTAMS 0x00000000c1100000 NTAMS 0x00000000c1100000 space 1024K, 100% used [0x00000000c1100000, 0x00000000c1200000)
AC   0  O    TS     0 PTAMS 0x00000000c1200000 NTAMS 0x00000000c1200000 space 1024K, 100% used [0x00000000c1200000, 0x00000000c1300000)
AC   0  O    TS     0 PTAMS 0x00000000c1400000 NTAMS 0x00000000c1400000 space 1024K, 100% used [0x00000000c1300000, 0x00000000c1400000)
AC   0  O    TS     0 PTAMS 0x00000000c1500000 NTAMS 0x00000000c1500000 space 1024K, 100% used [0x00000000c1400000, 0x00000000c1500000)
AC   0  O    TS     0 PTAMS 0x00000000c1600000 NTAMS 0x00000000c1600000 space 1024K, 100% used [0x00000000c1500000, 0x00000000c1600000)
AC   0  O    TS     0 PTAMS 0x00000000c1700000 NTAMS 0x00000000c1700000 space 1024K, 100% used [0x00000000c1600000, 0x00000000c1700000)
AC   0  O    TS     0 PTAMS 0x00000000c1800000 NTAMS 0x00000000c1800000 space 1024K, 100% used [0x00000000c1700000, 0x00000000c1800000)
AC   0  O    TS     0 PTAMS 0x00000000c1900000 NTAMS 0x00000000c1900000 space 1024K, 100% used [0x00000000c1800000, 0x00000000c1900000)
AC   0  O    TS     0 PTAMS 0x00000000c1900000 NTAMS 0x00000000c1900000 space 1024K, 100% used [0x00000000c1900000, 0x00000000c1a00000)
AC   0  O    TS     1 PTAMS 0x00000000c1a00000 NTAMS 0x00000000c1a00000 space 1024K,  50% used [0x00000000c1a00000, 0x00000000c1b00000)
AC   0  O    TS     0 PTAMS 0x00000000c1c00000 NTAMS 0x00000000c1c00000 space 1024K, 100% used [0x00000000c1b00000, 0x00000000c1c00000)
AC   0  O    TS     0 PTAMS 0x00000000c1d00000 NTAMS 0x00000000c1d00000 space 1024K, 100% used [0x00000000c1c00000, 0x00000000c1d00000)
AC   0  O    TS     0 PTAMS 0x00000000c1e00000 NTAMS 0x00000000c1e00000 space 1024K, 100% used [0x00000000c1d00000, 0x00000000c1e00000)
AC   0  O    TS     0 PTAMS 0x00000000c1f00000 NTAMS 0x00000000c1f00000 space 1024K, 100% used [0x00000000c1e00000, 0x00000000c1f00000)
AC   0  O    TS     0 PTAMS 0x00000000c2000000 NTAMS 0x00000000c2000000 space 1024K, 100% used [0x00000000c1f00000, 0x00000000c2000000)
AC   0  O    TS     0 PTAMS 0x00000000c2100000 NTAMS 0x00000000c2100000 space 1024K, 100% used [0x00000000c2000000, 0x00000000c2100000)
AC   0  O    TS     0 PTAMS 0x00000000c2200000 NTAMS 0x00000000c2200000 space 1024K, 100% used [0x00000000c2100000, 0x00000000c2200000)
AC   0  O    TS     0 PTAMS 0x00000000c2300000 NTAMS 0x00000000c2300000 space 1024K, 100% used [0x00000000c2200000, 0x00000000c2300000)
AC   0  O    TS     0 PTAMS 0x00000000c2400000 NTAMS 0x00000000c2400000 space 1024K, 100% used [0x00000000c2300000, 0x00000000c2400000)
AC   0  O    TS     0 PTAMS 0x00000000c2500000 NTAMS 0x00000000c2500000 space 1024K, 100% used [0x00000000c2400000, 0x00000000c2500000)
AC   0  O    TS     0 PTAMS 0x00000000c2600000 NTAMS 0x00000000c2600000 space 1024K, 100% used [0x00000000c2500000, 0x00000000c2600000)
AC   0  O    TS     0 PTAMS 0x00000000c2700000 NTAMS 0x00000000c2700000 space 1024K, 100% used [0x00000000c2600000, 0x00000000c2700000)
AC   0 HS    TS     0 PTAMS 0x00000000c2780010 NTAMS 0x00000000c2780010 space 1024K,  50% used [0x00000000c2700000, 0x00000000c2800000)
AC   0  O    TS     0 PTAMS 0x00000000c2900000 NTAMS 0x00000000c2900000 space 1024K, 100% used [0x00000000c2800000, 0x00000000c2900000)
AC   0  O    TS     0 PTAMS 0x00000000c2a00000 NTAMS 0x00000000c2a00000 space 1024K, 100% used [0x00000000c2900000, 0x00000000c2a00000)
AC   0  O    TS     0 PTAMS 0x00000000c2b00000 NTAMS 0x00000000c2b00000 space 1024K, 100% used [0x00000000c2a00000, 0x00000000c2b00000)
AC   0  O    TS     0 PTAMS 0x00000000c2c00000 NTAMS 0x00000000c2c00000 space 1024K, 100% used [0x00000000c2b00000, 0x00000000c2c00000)
AC   0  O    TS     0 PTAMS 0x00000000c2d00000 NTAMS 0x00000000c2d00000 space 1024K, 100% used [0x00000000c2c00000, 0x00000000c2d00000)
AC   0  O    TS     0 PTAMS 0x00000000c2e00000 NTAMS 0x00000000c2e00000 space 1024K, 100% used [0x00000000c2d00000, 0x00000000c2e00000)
AC   0  O    TS     0 PTAMS 0x00000000c2f00000 NTAMS 0x00000000c2f00000 space 1024K, 100% used [0x00000000c2e00000, 0x00000000c2f00000)
AC   0  O    TS     0 PTAMS 0x00000000c2f00000 NTAMS 0x00000000c2f00000 space 1024K, 100% used [0x00000000c2f00000, 0x00000000c3000000)
AC   0  O    TS     0 PTAMS 0x00000000c3100000 NTAMS 0x00000000c3100000 space 1024K, 100% used [0x00000000c3000000, 0x00000000c3100000)
AC   0  O    TS     0 PTAMS 0x00000000c3200000 NTAMS 0x00000000c3200000 space 1024K, 100% used [0x00000000c3100000, 0x00000000c3200000)
AC   0  O    TS     0 PTAMS 0x00000000c3300000 NTAMS 0x00000000c3300000 space 1024K, 100% used [0x00000000c3200000, 0x00000000c3300000)
AC   0  O    TS     0 PTAMS 0x00000000c3400000 NTAMS 0x00000000c3400000 space 1024K, 100% used [0x00000000c3300000, 0x00000000c3400000)
AC   0  O    TS     0 PTAMS 0x00000000c3400000 NTAMS 0x00000000c3400000 space 1024K, 100% used [0x00000000c3400000, 0x00000000c3500000)
AC   0  O    TS     0 PTAMS 0x00000000c3500000 NTAMS 0x00000000c3500000 space 1024K, 100% used [0x00000000c3500000, 0x00000000c3600000)
AC   0  O    TS     0 PTAMS 0x00000000c3700000 NTAMS 0x00000000c3700000 space 1024K, 100% used [0x00000000c3600000, 0x00000000c3700000)
AC   0  O    TS     0 PTAMS 0x00000000c3800000 NTAMS 0x00000000c3800000 space 1024K, 100% used [0x00000000c3700000, 0x00000000c3800000)
AC   0  O    TS     0 PTAMS 0x00000000c3900000 NTAMS 0x00000000c3900000 space 1024K, 100% used [0x00000000c3800000, 0x00000000c3900000)
AC   0  O    TS     0 PTAMS 0x00000000c3a00000 NTAMS 0x00000000c3a00000 space 1024K, 100% used [0x00000000c3900000, 0x00000000c3a00000)
AC   0  O    TS     0 PTAMS 0x00000000c3b00000 NTAMS 0x00000000c3b00000 space 1024K, 100% used [0x00000000c3a00000, 0x00000000c3b00000)
AC   0  O    TS     0 PTAMS 0x00000000c3b00000 NTAMS 0x00000000c3b00000 space 1024K, 100% used [0x00000000c3b00000, 0x00000000c3c00000)
AC   0  O    TS     1 PTAMS 0x00000000c3c00000 NTAMS 0x00000000c3c00000 space 1024K, 100% used [0x00000000c3c00000, 0x00000000c3d00000)
AC   0  O    TS     0 PTAMS 0x00000000c3e00000 NTAMS 0x00000000c3e00000 space 1024K, 100% used [0x00000000c3d00000, 0x00000000c3e00000)
AC   0  O    TS     0 PTAMS 0x00000000c3f00000 NTAMS 0x00000000c3f00000 space 1024K, 100% used [0x00000000c3e00000, 0x00000000c3f00000)
AC   0  O    TS     0 PTAMS 0x00000000c4000000 NTAMS 0x00000000c4000000 space 1024K, 100% used [0x00000000c3f00000, 0x00000000c4000000)
AC   0  F    TS     0 PTAMS 0x00000000c4000000 NTAMS 0x00000000c4000000 space 1024K,   0% used [0x00000000c4000000, 0x00000000c4100000)
AC   0  F    TS     0 PTAMS 0x00000000c4100000 NTAMS 0x00000000c4100000 space 1024K,   0% used [0x00000000c4100000, 0x00000000c4200000)
AC   0  F    TS     0 PTAMS 0x00000000c4200000 NTAMS 0x00000000c4200000 space 1024K,   0% used [0x00000000c4200000, 0x00000000c4300000)
AC   0 HS    TS     0 PTAMS 0x00000000c44b0008 NTAMS 0x00000000c44b0008 space 2048K,  84% used [0x00000000c4300000, 0x00000000c4500000)
AC   0 HC    TS     0 PTAMS 0x00000000c4400000 NTAMS 0x00000000c4400000 space 1024K,  68% used [0x00000000c4400000, 0x00000000c4500000)
AC   0  O    TS     0 PTAMS 0x00000000c4600000 NTAMS 0x00000000c4600000 space 1024K, 100% used [0x00000000c4500000, 0x00000000c4600000)
AC   0  O    TS     0 PTAMS 0x00000000c4700000 NTAMS 0x00000000c4700000 space 1024K, 100% used [0x00000000c4600000, 0x00000000c4700000)
AC   0  O    TS     0 PTAMS 0x00000000c4800000 NTAMS 0x00000000c4800000 space 1024K, 100% used [0x00000000c4700000, 0x00000000c4800000)
AC   0  O    TS     0 PTAMS 0x00000000c4900000 NTAMS 0x00000000c4900000 space 1024K, 100% used [0x00000000c4800000, 0x00000000c4900000)
AC   0  O    TS     0 PTAMS 0x00000000c4a00000 NTAMS 0x00000000c4a00000 space 1024K, 100% used [0x00000000c4900000, 0x00000000c4a00000)
AC   0  O    TS     0 PTAMS 0x00000000c4b00000 NTAMS 0x00000000c4b00000 space 1024K, 100% used [0x00000000c4a00000, 0x00000000c4b00000)
AC   0  O    TS     0 PTAMS 0x00000000c4c00000 NTAMS 0x00000000c4c00000 space 1024K, 100% used [0x00000000c4b00000, 0x00000000c4c00000)
AC   0  O    TS     0 PTAMS 0x00000000c4d00000 NTAMS 0x00000000c4d00000 space 1024K, 100% used [0x00000000c4c00000, 0x00000000c4d00000)
AC   0  O    TS     0 PTAMS 0x00000000c4e00000 NTAMS 0x00000000c4e00000 space 1024K, 100% used [0x00000000c4d00000, 0x00000000c4e00000)
AC   0  O    TS     0 PTAMS 0x00000000c4f00000 NTAMS 0x00000000c4f00000 space 1024K, 100% used [0x00000000c4e00000, 0x00000000c4f00000)
AC   0  O    TS     0 PTAMS 0x00000000c5000000 NTAMS 0x00000000c5000000 space 1024K, 100% used [0x00000000c4f00000, 0x00000000c5000000)
AC   0  O    TS     0 PTAMS 0x00000000c5100000 NTAMS 0x00000000c5100000 space 1024K, 100% used [0x00000000c5000000, 0x00000000c5100000)
AC   0  O    TS     0 PTAMS 0x00000000c5200000 NTAMS 0x00000000c5200000 space 1024K, 100% used [0x00000000c5100000, 0x00000000c5200000)
AC   0  O    TS     0 PTAMS 0x00000000c5300000 NTAMS 0x00000000c5300000 space 1024K, 100% used [0x00000000c5200000, 0x00000000c5300000)
AC   0  O    TS     0 PTAMS 0x00000000c5400000 NTAMS 0x00000000c5400000 space 1024K, 100% used [0x00000000c5300000, 0x00000000c5400000)
AC   0  F    TS     0 PTAMS 0x00000000c5400000 NTAMS 0x00000000c5400000 space 1024K,   0% used [0x00000000c5400000, 0x00000000c5500000)
AC   0  F    TS     0 PTAMS 0x00000000c5500000 NTAMS 0x00000000c5500000 space 1024K,   0% used [0x00000000c5500000, 0x00000000c5600000)
AC   0  F    TS     0 PTAMS 0x00000000c5600000 NTAMS 0x00000000c5600000 space 1024K,   0% used [0x00000000c5600000, 0x00000000c5700000)
AC   0  F    TS     0 PTAMS 0x00000000c5700000 NTAMS 0x00000000c5700000 space 1024K,   0% used [0x00000000c5700000, 0x00000000c5800000)
AC   0  F    TS     0 PTAMS 0x00000000c5800000 NTAMS 0x00000000c5800000 space 1024K,   0% used [0x00000000c5800000, 0x00000000c5900000)
AC   0  F    TS     0 PTAMS 0x00000000c5900000 NTAMS 0x00000000c5900000 space 1024K,   0% used [0x00000000c5900000, 0x00000000c5a00000)
AC   0  F    TS     0 PTAMS 0x00000000c5a00000 NTAMS 0x00000000c5a00000 space 1024K,   0% used [0x00000000c5a00000, 0x00000000c5b00000)
AC   0  F    TS     0 PTAMS 0x00000000c5b00000 NTAMS 0x00000000c5b00000 space 1024K,   0% used [0x00000000c5b00000, 0x00000000c5c00000)
AC   0  F    TS     0 PTAMS 0x00000000c5c00000 NTAMS 0x00000000c5c00000 space 1024K,   0% used [0x00000000c5c00000, 0x00000000c5d00000)
AC   0  F    TS     0 PTAMS 0x00000000c5d00000 NTAMS 0x00000000c5d00000 space 1024K,   0% used [0x00000000c5d00000, 0x00000000c5e00000)
AC   0  F    TS     0 PTAMS 0x00000000c5e00000 NTAMS 0x00000000c5e00000 space 1024K,   0% used [0x00000000c5e00000, 0x00000000c5f00000)
AC   0  F    TS     0 PTAMS 0x00000000c5f00000 NTAMS 0x00000000c5f00000 space 1024K,   0% used [0x00000000c5f00000, 0x00000000c6000000)
AC   0  F    TS     0 PTAMS 0x00000000c6000000 NTAMS 0x00000000c6000000 space 1024K,   0% used [0x00000000c6000000, 0x00000000c6100000)
AC   0  F    TS     0 PTAMS 0x00000000c6100000 NTAMS 0x00000000c6100000 space 1024K,   0% used [0x00000000c6100000, 0x00000000c6200000)
AC   0  F    TS     0 PTAMS 0x00000000c6200000 NTAMS 0x00000000c6200000 space 1024K,   0% used [0x00000000c6200000, 0x00000000c6300000)
AC   0  F    TS     0 PTAMS 0x00000000c6300000 NTAMS 0x00000000c6300000 space 1024K,   0% used [0x00000000c6300000, 0x00000000c6400000)
AC   0  F    TS     0 PTAMS 0x00000000c6400000 NTAMS 0x00000000c6400000 space 1024K,   0% used [0x00000000c6400000, 0x00000000c6500000)
AC   0  F    TS     0 PTAMS 0x00000000c6500000 NTAMS 0x00000000c6500000 space 1024K,   0% used [0x00000000c6500000, 0x00000000c6600000)
AC   0  F    TS     0 PTAMS 0x00000000c6600000 NTAMS 0x00000000c6600000 space 1024K,   0% used [0x00000000c6600000, 0x00000000c6700000)
AC   0  F    TS     0 PTAMS 0x00000000c6700000 NTAMS 0x00000000c6700000 space 1024K,   0% used [0x00000000c6700000, 0x00000000c6800000)
AC   0  F    TS     0 PTAMS 0x00000000c6800000 NTAMS 0x00000000c6800000 space 1024K,   0% used [0x00000000c6800000, 0x00000000c6900000)
AC   0  F    TS     0 PTAMS 0x00000000c6900000 NTAMS 0x00000000c6900000 space 1024K,   0% used [0x00000000c6900000, 0x00000000c6a00000)
AC   0  F    TS     0 PTAMS 0x00000000c6a00000 NTAMS 0x00000000c6a00000 space 1024K,   0% used [0x00000000c6a00000, 0x00000000c6b00000)
AC   0  F    TS     0 PTAMS 0x00000000c6b00000 NTAMS 0x00000000c6b00000 space 1024K,   0% used [0x00000000c6b00000, 0x00000000c6c00000)
AC   0  F    TS     0 PTAMS 0x00000000c6c00000 NTAMS 0x00000000c6c00000 space 1024K,   0% used [0x00000000c6c00000, 0x00000000c6d00000)
AC   0  F    TS     0 PTAMS 0x00000000c6d00000 NTAMS 0x00000000c6d00000 space 1024K,   0% used [0x00000000c6d00000, 0x00000000c6e00000)
AC   0  F    TS     0 PTAMS 0x00000000c6e00000 NTAMS 0x00000000c6e00000 space 1024K,   0% used [0x00000000c6e00000, 0x00000000c6f00000)
AC   0  F    TS     0 PTAMS 0x00000000c6f00000 NTAMS 0x00000000c6f00000 space 1024K,   0% used [0x00000000c6f00000, 0x00000000c7000000)
AC   0  F    TS     0 PTAMS 0x00000000c7000000 NTAMS 0x00000000c7000000 space 1024K,   0% used [0x00000000c7000000, 0x00000000c7100000)
AC   0  F    TS     0 PTAMS 0x00000000c7100000 NTAMS 0x00000000c7100000 space 1024K,   0% used [0x00000000c7100000, 0x00000000c7200000)
AC   0  S CS TS     1 PTAMS 0x00000000c7200000 NTAMS 0x00000000c7200000 space 1024K, 100% used [0x00000000c7200000, 0x00000000c7300000)
AC   0  S CS TS     1 PTAMS 0x00000000c7300000 NTAMS 0x00000000c7300000 space 1024K, 100% used [0x00000000c7300000, 0x00000000c7400000)
AC   0  S CS TS     1 PTAMS 0x00000000c7400000 NTAMS 0x00000000c7400000 space 1024K, 100% used [0x00000000c7400000, 0x00000000c7500000)
AC   0  S CS TS     1 PTAMS 0x00000000c7500000 NTAMS 0x00000000c7500000 space 1024K, 100% used [0x00000000c7500000, 0x00000000c7600000)
AC   0  S CS TS     1 PTAMS 0x00000000c7600000 NTAMS 0x00000000c7600000 space 1024K, 100% used [0x00000000c7600000, 0x00000000c7700000)
AC   0  S CS TS     1 PTAMS 0x00000000c7700000 NTAMS 0x00000000c7700000 space 1024K, 100% used [0x00000000c7700000, 0x00000000c7800000)
AC   0  S CS TS     1 PTAMS 0x00000000c7800000 NTAMS 0x00000000c7800000 space 1024K, 100% used [0x00000000c7800000, 0x00000000c7900000)
AC   0  S CS TS     1 PTAMS 0x00000000c7900000 NTAMS 0x00000000c7900000 space 1024K, 100% used [0x00000000c7900000, 0x00000000c7a00000)
AC   0  S CS TS     1 PTAMS 0x00000000c7a00000 NTAMS 0x00000000c7a00000 space 1024K, 100% used [0x00000000c7a00000, 0x00000000c7b00000)
AC   0  S CS TS     1 PTAMS 0x00000000c7b00000 NTAMS 0x00000000c7b00000 space 1024K, 100% used [0x00000000c7b00000, 0x00000000c7c00000)
AC   0  S CS TS     1 PTAMS 0x00000000c7c00000 NTAMS 0x00000000c7c00000 space 1024K, 100% used [0x00000000c7c00000, 0x00000000c7d00000)
AC   0  S CS TS     1 PTAMS 0x00000000c7d00000 NTAMS 0x00000000c7d00000 space 1024K, 100% used [0x00000000c7d00000, 0x00000000c7e00000)
AC   0  S CS TS     1 PTAMS 0x00000000c7e00000 NTAMS 0x00000000c7e00000 space 1024K, 100% used [0x00000000c7e00000, 0x00000000c7f00000)
AC   0  S CS TS     1 PTAMS 0x00000000c7f00000 NTAMS 0x00000000c7f00000 space 1024K, 100% used [0x00000000c7f00000, 0x00000000c8000000)
AC   0  S CS TS     1 PTAMS 0x00000000c8000000 NTAMS 0x00000000c8000000 space 1024K, 100% used [0x00000000c8000000, 0x00000000c8100000)
AC   0  S CS TS     1 PTAMS 0x00000000c8100000 NTAMS 0x00000000c8100000 space 1024K, 100% used [0x00000000c8100000, 0x00000000c8200000)
AC   0  S CS TS     1 PTAMS 0x00000000c8200000 NTAMS 0x00000000c8200000 space 1024K, 100% used [0x00000000c8200000, 0x00000000c8300000)
AC   0  S CS TS     1 PTAMS 0x00000000c8300000 NTAMS 0x00000000c8300000 space 1024K, 100% used [0x00000000c8300000, 0x00000000c8400000)
AC   0  F    TS     0 PTAMS 0x00000000c8400000 NTAMS 0x00000000c8400000 space 1024K,   0% used [0x00000000c8400000, 0x00000000c8500000)
AC   0  F    TS     0 PTAMS 0x00000000c8500000 NTAMS 0x00000000c8500000 space 1024K,   0% used [0x00000000c8500000, 0x00000000c8600000)
AC   0  F    TS     0 PTAMS 0x00000000c8600000 NTAMS 0x00000000c8600000 space 1024K,   0% used [0x00000000c8600000, 0x00000000c8700000)
AC   0  F    TS     0 PTAMS 0x00000000c8700000 NTAMS 0x00000000c8700000 space 1024K,   0% used [0x00000000c8700000, 0x00000000c8800000)
AC   0  F    TS     0 PTAMS 0x00000000c8800000 NTAMS 0x00000000c8800000 space 1024K,   0% used [0x00000000c8800000, 0x00000000c8900000)
AC   0  F    TS     0 PTAMS 0x00000000c8900000 NTAMS 0x00000000c8900000 space 1024K,   0% used [0x00000000c8900000, 0x00000000c8a00000)
AC   0  F    TS     0 PTAMS 0x00000000c8a00000 NTAMS 0x00000000c8a00000 space 1024K,   0% used [0x00000000c8a00000, 0x00000000c8b00000)
AC   0  F    TS     0 PTAMS 0x00000000c8b00000 NTAMS 0x00000000c8b00000 space 1024K,   0% used [0x00000000c8b00000, 0x00000000c8c00000)
AC   0  F    TS     0 PTAMS 0x00000000c8c00000 NTAMS 0x00000000c8c00000 space 1024K,   0% used [0x00000000c8c00000, 0x00000000c8d00000)
AC   0  F    TS     0 PTAMS 0x00000000c8d00000 NTAMS 0x00000000c8d00000 space 1024K,   0% used [0x00000000c8d00000, 0x00000000c8e00000)
AC   0  F    TS     0 PTAMS 0x00000000c8e00000 NTAMS 0x00000000c8e00000 space 1024K,   0% used [0x00000000c8e00000, 0x00000000c8f00000)
AC   0  F    TS     0 PTAMS 0x00000000c8f00000 NTAMS 0x00000000c8f00000 space 1024K,   0% used [0x00000000c8f00000, 0x00000000c9000000)
AC   0  F    TS     0 PTAMS 0x00000000c9000000 NTAMS 0x00000000c9000000 space 1024K,   0% used [0x00000000c9000000, 0x00000000c9100000)
AC   0  F    TS     0 PTAMS 0x00000000c9100000 NTAMS 0x00000000c9100000 space 1024K,   0% used [0x00000000c9100000, 0x00000000c9200000)
AC   0  F    TS     0 PTAMS 0x00000000c9200000 NTAMS 0x00000000c9200000 space 1024K,   0% used [0x00000000c9200000, 0x00000000c9300000)
AC   0  F    TS     0 PTAMS 0x00000000c9300000 NTAMS 0x00000000c9300000 space 1024K,   0% used [0x00000000c9300000, 0x00000000c9400000)
AC   0  F    TS     0 PTAMS 0x00000000c9400000 NTAMS 0x00000000c9400000 space 1024K,   0% used [0x00000000c9400000, 0x00000000c9500000)
AC   0  F    TS     0 PTAMS 0x00000000c9500000 NTAMS 0x00000000c9500000 space 1024K,   0% used [0x00000000c9500000, 0x00000000c9600000)
AC   0  F    TS     0 PTAMS 0x00000000c9600000 NTAMS 0x00000000c9600000 space 1024K,   0% used [0x00000000c9600000, 0x00000000c9700000)
AC   0  F    TS     0 PTAMS 0x00000000c9700000 NTAMS 0x00000000c9700000 space 1024K,   0% used [0x00000000c9700000, 0x00000000c9800000)
AC   0  F    TS     0 PTAMS 0x00000000c9800000 NTAMS 0x00000000c9800000 space 1024K,   0% used [0x00000000c9800000, 0x00000000c9900000)
AC   0  F    TS     0 PTAMS 0x00000000c9900000 NTAMS 0x00000000c9900000 space 1024K,   0% used [0x00000000c9900000, 0x00000000c9a00000)
AC   0  F    TS     0 PTAMS 0x00000000c9a00000 NTAMS 0x00000000c9a00000 space 1024K,   0% used [0x00000000c9a00000, 0x00000000c9b00000)
AC   0  F    TS     0 PTAMS 0x00000000c9b00000 NTAMS 0x00000000c9b00000 space 1024K,   0% used [0x00000000c9b00000, 0x00000000c9c00000)
AC   0  F    TS     0 PTAMS 0x00000000c9c00000 NTAMS 0x00000000c9c00000 space 1024K,   0% used [0x00000000c9c00000, 0x00000000c9d00000)
AC   0  F    TS     0 PTAMS 0x00000000c9d00000 NTAMS 0x00000000c9d00000 space 1024K,   0% used [0x00000000c9d00000, 0x00000000c9e00000)
AC   0  F    TS     0 PTAMS 0x00000000c9e00000 NTAMS 0x00000000c9e00000 space 1024K,   0% used [0x00000000c9e00000, 0x00000000c9f00000)
AC   0  F    TS     0 PTAMS 0x00000000c9f00000 NTAMS 0x00000000c9f00000 space 1024K,   0% used [0x00000000c9f00000, 0x00000000ca000000)
AC   0  F    TS     0 PTAMS 0x00000000ca000000 NTAMS 0x00000000ca000000 space 1024K,   0% used [0x00000000ca000000, 0x00000000ca100000)
AC   0  F    TS     0 PTAMS 0x00000000ca100000 NTAMS 0x00000000ca100000 space 1024K,   0% used [0x00000000ca100000, 0x00000000ca200000)
AC   0  F    TS     0 PTAMS 0x00000000ca200000 NTAMS 0x00000000ca200000 space 1024K,   0% used [0x00000000ca200000, 0x00000000ca300000)
AC   0  F    TS     0 PTAMS 0x00000000ca300000 NTAMS 0x00000000ca300000 space 1024K,   0% used [0x00000000ca300000, 0x00000000ca400000)
AC   0  F    TS     0 PTAMS 0x00000000ca400000 NTAMS 0x00000000ca400000 space 1024K,   0% used [0x00000000ca400000, 0x00000000ca500000)
AC   0  F    TS     0 PTAMS 0x00000000ca500000 NTAMS 0x00000000ca500000 space 1024K,   0% used [0x00000000ca500000, 0x00000000ca600000)
AC   0  F    TS     0 PTAMS 0x00000000ca600000 NTAMS 0x00000000ca600000 space 1024K,   0% used [0x00000000ca600000, 0x00000000ca700000)
AC   0  F    TS     0 PTAMS 0x00000000ca700000 NTAMS 0x00000000ca700000 space 1024K,   0% used [0x00000000ca700000, 0x00000000ca800000)
AC   0  F    TS     0 PTAMS 0x00000000ca800000 NTAMS 0x00000000ca800000 space 1024K,   0% used [0x00000000ca800000, 0x00000000ca900000)
AC   0  F    TS     0 PTAMS 0x00000000ca900000 NTAMS 0x00000000ca900000 space 1024K,   0% used [0x00000000ca900000, 0x00000000caa00000)
AC   0  F    TS     0 PTAMS 0x00000000caa00000 NTAMS 0x00000000caa00000 space 1024K,   0% used [0x00000000caa00000, 0x00000000cab00000)
AC   0  F    TS     0 PTAMS 0x00000000cab00000 NTAMS 0x00000000cab00000 space 1024K,   0% used [0x00000000cab00000, 0x00000000cac00000)
AC   0  F    TS     0 PTAMS 0x00000000cac00000 NTAMS 0x00000000cac00000 space 1024K,   0% used [0x00000000cac00000, 0x00000000cad00000)
AC   0  F    TS     0 PTAMS 0x00000000cad00000 NTAMS 0x00000000cad00000 space 1024K,   0% used [0x00000000cad00000, 0x00000000cae00000)
AC   0  F    TS     0 PTAMS 0x00000000cae00000 NTAMS 0x00000000cae00000 space 1024K,   0% used [0x00000000cae00000, 0x00000000caf00000)
AC   0  F    TS     0 PTAMS 0x00000000caf00000 NTAMS 0x00000000caf00000 space 1024K,   0% used [0x00000000caf00000, 0x00000000cb000000)
AC   0  F    TS     0 PTAMS 0x00000000cb000000 NTAMS 0x00000000cb000000 space 1024K,   0% used [0x00000000cb000000, 0x00000000cb100000)
AC   0  F    TS     0 PTAMS 0x00000000cb100000 NTAMS 0x00000000cb100000 space 1024K,   0% used [0x00000000cb100000, 0x00000000cb200000)
AC   0  F    TS     0 PTAMS 0x00000000cb200000 NTAMS 0x00000000cb200000 space 1024K,   0% used [0x00000000cb200000, 0x00000000cb300000)
AC   0  F    TS     0 PTAMS 0x00000000cb300000 NTAMS 0x00000000cb300000 space 1024K,   0% used [0x00000000cb300000, 0x00000000cb400000)
AC   0  F    TS     0 PTAMS 0x00000000cb400000 NTAMS 0x00000000cb400000 space 1024K,   0% used [0x00000000cb400000, 0x00000000cb500000)
AC   0  F    TS     0 PTAMS 0x00000000cb500000 NTAMS 0x00000000cb500000 space 1024K,   0% used [0x00000000cb500000, 0x00000000cb600000)
AC   0  F    TS     0 PTAMS 0x00000000cb600000 NTAMS 0x00000000cb600000 space 1024K,   0% used [0x00000000cb600000, 0x00000000cb700000)
AC   0  F    TS     0 PTAMS 0x00000000cb700000 NTAMS 0x00000000cb700000 space 1024K,   0% used [0x00000000cb700000, 0x00000000cb800000)
AC   0  F    TS     0 PTAMS 0x00000000cb800000 NTAMS 0x00000000cb800000 space 1024K,   0% used [0x00000000cb800000, 0x00000000cb900000)
AC   0  F    TS     0 PTAMS 0x00000000cb900000 NTAMS 0x00000000cb900000 space 1024K,   0% used [0x00000000cb900000, 0x00000000cba00000)
AC   0  F    TS     0 PTAMS 0x00000000cba00000 NTAMS 0x00000000cba00000 space 1024K,   0% used [0x00000000cba00000, 0x00000000cbb00000)
AC   0  F    TS     0 PTAMS 0x00000000cbb00000 NTAMS 0x00000000cbb00000 space 1024K,   0% used [0x00000000cbb00000, 0x00000000cbc00000)
AC   0  F    TS     0 PTAMS 0x00000000cbc00000 NTAMS 0x00000000cbc00000 space 1024K,   0% used [0x00000000cbc00000, 0x00000000cbd00000)
AC   0  F    TS     0 PTAMS 0x00000000cbd00000 NTAMS 0x00000000cbd00000 space 1024K,   0% used [0x00000000cbd00000, 0x00000000cbe00000)
AC   0  F    TS     0 PTAMS 0x00000000cbe00000 NTAMS 0x00000000cbe00000 space 1024K,   0% used [0x00000000cbe00000, 0x00000000cbf00000)
AC   0  F    TS     0 PTAMS 0x00000000cbf00000 NTAMS 0x00000000cbf00000 space 1024K,   0% used [0x00000000cbf00000, 0x00000000cc000000)
AC   0  F    TS     0 PTAMS 0x00000000cc000000 NTAMS 0x00000000cc000000 space 1024K,   0% used [0x00000000cc000000, 0x00000000cc100000)
AC   0  F    TS     0 PTAMS 0x00000000cc100000 NTAMS 0x00000000cc100000 space 1024K,   0% used [0x00000000cc100000, 0x00000000cc200000)
AC   0  F    TS     0 PTAMS 0x00000000cc200000 NTAMS 0x00000000cc200000 space 1024K,   0% used [0x00000000cc200000, 0x00000000cc300000)
AC   0  F    TS     0 PTAMS 0x00000000cc300000 NTAMS 0x00000000cc300000 space 1024K,   0% used [0x00000000cc300000, 0x00000000cc400000)
AC   0  F    TS     0 PTAMS 0x00000000cc400000 NTAMS 0x00000000cc400000 space 1024K,   0% used [0x00000000cc400000, 0x00000000cc500000)
AC   0  F    TS     0 PTAMS 0x00000000cc500000 NTAMS 0x00000000cc500000 space 1024K,   0% used [0x00000000cc500000, 0x00000000cc600000)
AC   0  F    TS     0 PTAMS 0x00000000cc600000 NTAMS 0x00000000cc600000 space 1024K,   0% used [0x00000000cc600000, 0x00000000cc700000)
AC   0  F    TS     0 PTAMS 0x00000000cc700000 NTAMS 0x00000000cc700000 space 1024K,   0% used [0x00000000cc700000, 0x00000000cc800000)
AC   0  F    TS     0 PTAMS 0x00000000cc800000 NTAMS 0x00000000cc800000 space 1024K,   0% used [0x00000000cc800000, 0x00000000cc900000)
AC   0  F    TS     0 PTAMS 0x00000000cc900000 NTAMS 0x00000000cc900000 space 1024K,   0% used [0x00000000cc900000, 0x00000000cca00000)
AC   0  F    TS     0 PTAMS 0x00000000cca00000 NTAMS 0x00000000cca00000 space 1024K,   0% used [0x00000000cca00000, 0x00000000ccb00000)
AC   0  F    TS     0 PTAMS 0x00000000ccb00000 NTAMS 0x00000000ccb00000 space 1024K,   0% used [0x00000000ccb00000, 0x00000000ccc00000)
AC   0  F    TS     0 PTAMS 0x00000000ccc00000 NTAMS 0x00000000ccc00000 space 1024K,   0% used [0x00000000ccc00000, 0x00000000ccd00000)
AC   0  F    TS     0 PTAMS 0x00000000ccd00000 NTAMS 0x00000000ccd00000 space 1024K,   0% used [0x00000000ccd00000, 0x00000000cce00000)
AC   0  F    TS     0 PTAMS 0x00000000cce00000 NTAMS 0x00000000cce00000 space 1024K,   0% used [0x00000000cce00000, 0x00000000ccf00000)
AC   0  F    TS     0 PTAMS 0x00000000ccf00000 NTAMS 0x00000000ccf00000 space 1024K,   0% used [0x00000000ccf00000, 0x00000000cd000000)
AC   0  F    TS     0 PTAMS 0x00000000cd000000 NTAMS 0x00000000cd000000 space 1024K,   0% used [0x00000000cd000000, 0x00000000cd100000)
AC   0  F    TS     0 PTAMS 0x00000000cd100000 NTAMS 0x00000000cd100000 space 1024K,   0% used [0x00000000cd100000, 0x00000000cd200000)
AC   0  F    TS     0 PTAMS 0x00000000cd200000 NTAMS 0x00000000cd200000 space 1024K,   0% used [0x00000000cd200000, 0x00000000cd300000)
AC   0  F    TS     0 PTAMS 0x00000000cd300000 NTAMS 0x00000000cd300000 space 1024K,   0% used [0x00000000cd300000, 0x00000000cd400000)
AC   0  F    TS     0 PTAMS 0x00000000cd400000 NTAMS 0x00000000cd400000 space 1024K,   0% used [0x00000000cd400000, 0x00000000cd500000)
AC   0  F    TS     0 PTAMS 0x00000000cd500000 NTAMS 0x00000000cd500000 space 1024K,   0% used [0x00000000cd500000, 0x00000000cd600000)
AC   0  F    TS     0 PTAMS 0x00000000cd600000 NTAMS 0x00000000cd600000 space 1024K,   0% used [0x00000000cd600000, 0x00000000cd700000)
AC   0  F    TS     0 PTAMS 0x00000000cd700000 NTAMS 0x00000000cd700000 space 1024K,   0% used [0x00000000cd700000, 0x00000000cd800000)
AC   0  F    TS     0 PTAMS 0x00000000cd800000 NTAMS 0x00000000cd800000 space 1024K,   0% used [0x00000000cd800000, 0x00000000cd900000)
AC   0  F    TS     0 PTAMS 0x00000000cd900000 NTAMS 0x00000000cd900000 space 1024K,   0% used [0x00000000cd900000, 0x00000000cda00000)
AC   0  F    TS     0 PTAMS 0x00000000cda00000 NTAMS 0x00000000cda00000 space 1024K,   0% used [0x00000000cda00000, 0x00000000cdb00000)
AC   0  F    TS     0 PTAMS 0x00000000cdb00000 NTAMS 0x00000000cdb00000 space 1024K,   0% used [0x00000000cdb00000, 0x00000000cdc00000)
AC   0  F    TS     0 PTAMS 0x00000000cdc00000 NTAMS 0x00000000cdc00000 space 1024K,   0% used [0x00000000cdc00000, 0x00000000cdd00000)
AC   0  F    TS     0 PTAMS 0x00000000cdd00000 NTAMS 0x00000000cdd00000 space 1024K,   0% used [0x00000000cdd00000, 0x00000000cde00000)
AC   0  F    TS     0 PTAMS 0x00000000cde00000 NTAMS 0x00000000cde00000 space 1024K,   0% used [0x00000000cde00000, 0x00000000cdf00000)
AC   0  F    TS     0 PTAMS 0x00000000cdf00000 NTAMS 0x00000000cdf00000 space 1024K,   0% used [0x00000000cdf00000, 0x00000000ce000000)
AC   0  F    TS     0 PTAMS 0x00000000ce000000 NTAMS 0x00000000ce000000 space 1024K,   0% used [0x00000000ce000000, 0x00000000ce100000)
AC   0  F    TS     0 PTAMS 0x00000000ce100000 NTAMS 0x00000000ce100000 space 1024K,   0% used [0x00000000ce100000, 0x00000000ce200000)
AC   0  F    TS     0 PTAMS 0x00000000ce200000 NTAMS 0x00000000ce200000 space 1024K,   0% used [0x00000000ce200000, 0x00000000ce300000)
AC   0  F    TS     0 PTAMS 0x00000000ce300000 NTAMS 0x00000000ce300000 space 1024K,   0% used [0x00000000ce300000, 0x00000000ce400000)
AC   0  F    TS     0 PTAMS 0x00000000ce400000 NTAMS 0x00000000ce400000 space 1024K,   0% used [0x00000000ce400000, 0x00000000ce500000)
AC   0  F    TS     0 PTAMS 0x00000000ce500000 NTAMS 0x00000000ce500000 space 1024K,   0% used [0x00000000ce500000, 0x00000000ce600000)
AC   0  F    TS     0 PTAMS 0x00000000ce600000 NTAMS 0x00000000ce600000 space 1024K,   0% used [0x00000000ce600000, 0x00000000ce700000)
AC   0  F    TS     0 PTAMS 0x00000000ce700000 NTAMS 0x00000000ce700000 space 1024K,   0% used [0x00000000ce700000, 0x00000000ce800000)
AC   0  F    TS     0 PTAMS 0x00000000ce800000 NTAMS 0x00000000ce800000 space 1024K,   0% used [0x00000000ce800000, 0x00000000ce900000)
AC   0  F    TS     0 PTAMS 0x00000000ce900000 NTAMS 0x00000000ce900000 space 1024K,   0% used [0x00000000ce900000, 0x00000000cea00000)
AC   0  F    TS     0 PTAMS 0x00000000cea00000 NTAMS 0x00000000cea00000 space 1024K,   0% used [0x00000000cea00000, 0x00000000ceb00000)
AC   0  F    TS     0 PTAMS 0x00000000ceb00000 NTAMS 0x00000000ceb00000 space 1024K,   0% used [0x00000000ceb00000, 0x00000000cec00000)
AC   0  F    TS     0 PTAMS 0x00000000cec00000 NTAMS 0x00000000cec00000 space 1024K,   0% used [0x00000000cec00000, 0x00000000ced00000)
AC   0  F    TS     0 PTAMS 0x00000000ced00000 NTAMS 0x00000000ced00000 space 1024K,   0% used [0x00000000ced00000, 0x00000000cee00000)
AC   0  F    TS     0 PTAMS 0x00000000cee00000 NTAMS 0x00000000cee00000 space 1024K,   0% used [0x00000000cee00000, 0x00000000cef00000)
AC   0  F    TS     0 PTAMS 0x00000000cef00000 NTAMS 0x00000000cef00000 space 1024K,   0% used [0x00000000cef00000, 0x00000000cf000000)
AC   0  F    TS     0 PTAMS 0x00000000cf000000 NTAMS 0x00000000cf000000 space 1024K,   0% used [0x00000000cf000000, 0x00000000cf100000)
AC   0  F    TS     0 PTAMS 0x00000000cf100000 NTAMS 0x00000000cf100000 space 1024K,   0% used [0x00000000cf100000, 0x00000000cf200000)
AC   0  F    TS     0 PTAMS 0x00000000cf200000 NTAMS 0x00000000cf200000 space 1024K,   0% used [0x00000000cf200000, 0x00000000cf300000)
AC   0  F    TS     0 PTAMS 0x00000000cf300000 NTAMS 0x00000000cf300000 space 1024K,   0% used [0x00000000cf300000, 0x00000000cf400000)
AC   0  F    TS     0 PTAMS 0x00000000cf400000 NTAMS 0x00000000cf400000 space 1024K,   0% used [0x00000000cf400000, 0x00000000cf500000)
AC   0  F    TS     0 PTAMS 0x00000000cf500000 NTAMS 0x00000000cf500000 space 1024K,   0% used [0x00000000cf500000, 0x00000000cf600000)
AC   0  F    TS     0 PTAMS 0x00000000cf600000 NTAMS 0x00000000cf600000 space 1024K,   0% used [0x00000000cf600000, 0x00000000cf700000)
AC   0  F    TS     0 PTAMS 0x00000000cf700000 NTAMS 0x00000000cf700000 space 1024K,   0% used [0x00000000cf700000, 0x00000000cf800000)
AC   0  F    TS     0 PTAMS 0x00000000cf800000 NTAMS 0x00000000cf800000 space 1024K,   0% used [0x00000000cf800000, 0x00000000cf900000)
AC   0  F    TS     0 PTAMS 0x00000000cf900000 NTAMS 0x00000000cf900000 space 1024K,   0% used [0x00000000cf900000, 0x00000000cfa00000)
AC   0  F    TS     0 PTAMS 0x00000000cfa00000 NTAMS 0x00000000cfa00000 space 1024K,   0% used [0x00000000cfa00000, 0x00000000cfb00000)
AC   0  F    TS     0 PTAMS 0x00000000cfb00000 NTAMS 0x00000000cfb00000 space 1024K,   0% used [0x00000000cfb00000, 0x00000000cfc00000)
AC   0  F    TS     0 PTAMS 0x00000000cfc00000 NTAMS 0x00000000cfc00000 space 1024K,   0% used [0x00000000cfc00000, 0x00000000cfd00000)
AC   0  F    TS     0 PTAMS 0x00000000cfd00000 NTAMS 0x00000000cfd00000 space 1024K,   0% used [0x00000000cfd00000, 0x00000000cfe00000)
AC   0  F    TS     0 PTAMS 0x00000000cfe00000 NTAMS 0x00000000cfe00000 space 1024K,   0% used [0x00000000cfe00000, 0x00000000cff00000)
AC   0  F    TS     0 PTAMS 0x00000000cff00000 NTAMS 0x00000000cff00000 space 1024K,   0% used [0x00000000cff00000, 0x00000000d0000000)
AC   0  F    TS     0 PTAMS 0x00000000d0000000 NTAMS 0x00000000d0000000 space 1024K,   0% used [0x00000000d0000000, 0x00000000d0100000)
AC   0  F    TS     0 PTAMS 0x00000000d0100000 NTAMS 0x00000000d0100000 space 1024K,   0% used [0x00000000d0100000, 0x00000000d0200000)
AC   0  F    TS     0 PTAMS 0x00000000d0200000 NTAMS 0x00000000d0200000 space 1024K,   0% used [0x00000000d0200000, 0x00000000d0300000)
AC   0  F    TS     0 PTAMS 0x00000000d0300000 NTAMS 0x00000000d0300000 space 1024K,   0% used [0x00000000d0300000, 0x00000000d0400000)
AC   0  F    TS     0 PTAMS 0x00000000d0400000 NTAMS 0x00000000d0400000 space 1024K,   0% used [0x00000000d0400000, 0x00000000d0500000)
AC   0  F    TS     0 PTAMS 0x00000000d0500000 NTAMS 0x00000000d0500000 space 1024K,   0% used [0x00000000d0500000, 0x00000000d0600000)
AC   0  F    TS     0 PTAMS 0x00000000d0600000 NTAMS 0x00000000d0600000 space 1024K,   0% used [0x00000000d0600000, 0x00000000d0700000)
AC   0  F    TS     0 PTAMS 0x00000000d0700000 NTAMS 0x00000000d0700000 space 1024K,   0% used [0x00000000d0700000, 0x00000000d0800000)

Card table byte_map: [0x00007f85cb8ff000,0x00007f85cbaff000] byte_map_base: 0x00007f85cb2ff000

Marking Bits (Prev, Next): (CMBitMap*) 0x00007f85e8037cf0, (CMBitMap*) 0x00007f85e8037c98
 Prev Bits: [0x00007f85c96ff000, 0x00007f85ca6ff000)
 Next Bits: [0x00007f85ca6ff000, 0x00007f85cb6ff000)

Polling page: 0x00007f85ef0a0000

CodeCache: size=245760Kb used=11402Kb max_used=11426Kb free=234358Kb
 bounds [0x00007f85d89d9000, 0x00007f85d9519000, 0x00007f85e79d9000]
 total_blobs=4161 nmethods=3594 adapters=480
 compilation: enabled

Compilation events (10 events):
Event: 12.396 Thread 0x00007f85e811c800 4208       2       org.eclipse.jdt.internal.compiler.classfmt.ClassFileReader::getInnerSourceName (17 bytes)
Event: 12.396 Thread 0x00007f85e811c800 nmethod 4208 0x00007f85d94d6350 code [0x00007f85d94d64c0, 0x00007f85d94d6668]
Event: 12.610 Thread 0x00007f85e811a800 nmethod 4181% 0x00007f85d9505010 code [0x00007f85d9505640, 0x00007f85d950c080]
Event: 12.610 Thread 0x00007f85e811a800 4185       4       org.eclipse.jdt.internal.compiler.classfmt.ClassFileStruct::utf8At (171 bytes)
Event: 12.619 Thread 0x00007f85e811a800 nmethod 4185 0x00007f85d95011d0 code [0x00007f85d9501340, 0x00007f85d9501a98]
Event: 12.619 Thread 0x00007f85e811a800 4210   !   4       org.eclipse.jdt.internal.compiler.classfmt.ClassFileReader::<init> (1675 bytes)
Event: 12.736 Thread 0x00007f85e811c800 4211 %     3       java.io.BufferedInputStream::close @ 0 (41 bytes)
Event: 12.737 Thread 0x00007f85e811c800 nmethod 4211% 0x00007f85d9504510 code [0x00007f85d95046e0, 0x00007f85d9504df8]
Event: 12.741 Thread 0x00007f85e811c800 4213       1       org.eclipse.jdt.internal.compiler.classfmt.ClassFileReader::getTagBits (5 bytes)
Event: 12.741 Thread 0x00007f85e811c800 nmethod 4213 0x00007f85d9504250 code [0x00007f85d95043a0, 0x00007f85d95044b0]

GC Heap History (10 events):
Event: 11.231 GC heap after
Heap after GC invocations=44 (full 0):
 garbage-first heap   total 135168K, used 80524K [0x00000000c0000000, 0x00000000c0100420, 0x0000000100000000)
  region size 1024K, 5 young (5120K), 5 survivors (5120K)
 Metaspace       used 42796K, capacity 45204K, committed 45312K, reserved 1089536K
  class space    used 4550K, capacity 5332K, committed 5376K, reserved 1048576K
}
Event: 11.241 GC heap before
{Heap before GC invocations=44 (full 0):
 garbage-first heap   total 135168K, used 81548K [0x00000000c0000000, 0x00000000c0100420, 0x0000000100000000)
  region size 1024K, 6 young (6144K), 5 survivors (5120K)
 Metaspace       used 42845K, capacity 45268K, committed 45568K, reserved 1089536K
  class space    used 4550K, capacity 5332K, committed 5376K, reserved 1048576K
Event: 11.262 GC heap after
Heap after GC invocations=45 (full 0):
 garbage-first heap   total 135168K, used 72736K [0x00000000c0000000, 0x00000000c0100420, 0x0000000100000000)
  region size 1024K, 1 young (1024K), 1 survivors (1024K)
 Metaspace       used 42845K, capacity 45268K, committed 45568K, reserved 1089536K
  class space    used 4550K, capacity 5332K, committed 5376K, reserved 1048576K
}
Event: 11.449 GC heap before
{Heap before GC invocations=45 (full 0):
 garbage-first heap   total 135168K, used 114720K [0x00000000c0000000, 0x00000000c0100420, 0x0000000100000000)
  region size 1024K, 42 young (43008K), 1 survivors (1024K)
 Metaspace       used 43240K, capacity 45620K, committed 45824K, reserved 1089536K
  class space    used 4591K, capacity 5342K, committed 5376K, reserved 1048576K
Event: 11.474 GC heap after
Heap after GC invocations=46 (full 0):
 garbage-first heap   total 135168K, used 75296K [0x00000000c0000000, 0x00000000c0100420, 0x0000000100000000)
  region size 1024K, 4 young (4096K), 4 survivors (4096K)
 Metaspace       used 43240K, capacity 45620K, committed 45824K, reserved 1089536K
  class space    used 4591K, capacity 5342K, committed 5376K, reserved 1048576K
}
Event: 11.598 GC heap before
{Heap before GC invocations=46 (full 0):
 garbage-first heap   total 135168K, used 114208K [0x00000000c0000000, 0x00000000c0100420, 0x0000000100000000)
  region size 1024K, 42 young (43008K), 4 survivors (4096K)
 Metaspace       used 43240K, capacity 45620K, committed 45824K, reserved 1089536K
  class space    used 4591K, capacity 5342K, committed 5376K, reserved 1048576K
Event: 11.620 GC heap after
Heap after GC invocations=47 (full 0):
 garbage-first heap   total 135168K, used 79904K [0x00000000c0000000, 0x00000000c0100420, 0x0000000100000000)
  region size 1024K, 6 young (6144K), 6 survivors (6144K)
 Metaspace       used 43240K, capacity 45620K, committed 45824K, reserved 1089536K
  class space    used 4591K, capacity 5342K, committed 5376K, reserved 1048576K
}
Event: 11.820 GC heap before
{Heap before GC invocations=47 (full 0):
 garbage-first heap   total 135168K, used 113696K [0x00000000c0000000, 0x00000000c0100420, 0x0000000100000000)
  region size 1024K, 39 young (39936K), 6 survivors (6144K)
 Metaspace       used 43240K, capacity 45620K, committed 45824K, reserved 1089536K
  class space    used 4591K, capacity 5342K, committed 5376K, reserved 1048576K
Event: 11.853 GC heap after
Heap after GC invocations=48 (full 0):
 garbage-first heap   total 270336K, used 86352K [0x00000000c0000000, 0x00000000c0100840, 0x0000000100000000)
  region size 1024K, 5 young (5120K), 5 survivors (5120K)
 Metaspace       used 43240K, capacity 45620K, committed 45824K, reserved 1089536K
  class space    used 4591K, capacity 5342K, committed 5376K, reserved 1048576K
}
Event: 12.785 GC heap before
{Heap before GC invocations=49 (full 0):
 garbage-first heap   total 270336K, used 220656K [0x00000000c0000000, 0x00000000c0100840, 0x0000000100000000)
  region size 1024K, 137 young (140288K), 5 survivors (5120K)
 Metaspace       used 43251K, capacity 45684K, committed 45824K, reserved 1089536K
  class space    used 4592K, capacity 5342K, committed 5376K, reserved 1048576K

Deoptimization events (10 events):
Event: 8.387 Thread 0x00007f85b03c5800 Uncommon trap: reason=unstable_if action=reinterpret pc=0x00007f85d93bbe88 method=org.eclipse.jdt.internal.core.search.indexing.BinaryIndexer.addTypeReference([C)V @ 5
Event: 8.733 Thread 0x00007f85e87fe000 Uncommon trap: reason=unstable_if action=reinterpret pc=0x00007f85d91ca868 method=com.google.gson.stream.JsonReader.nextQuotedValue(C)Ljava/lang/String; @ 81
Event: 9.301 Thread 0x00007f85e87fe000 Uncommon trap: reason=unstable_if action=reinterpret pc=0x00007f85d926a110 method=java.util.WeakHashMap.expungeStaleEntries()V @ 9
Event: 9.419 Thread 0x00007f85e87fe000 Uncommon trap: reason=unstable_if action=reinterpret pc=0x00007f85d8ec2108 method=java.util.Properties$LineReader.readLine()I @ 271
Event: 9.453 Thread 0x00007f85c0001000 Uncommon trap: reason=unstable_if action=reinterpret pc=0x00007f85d9339b6c method=org.codehaus.plexus.util.xml.pull.MXParser.nextImpl()I @ 269
Event: 9.454 Thread 0x00007f85c0001000 Uncommon trap: reason=unstable_if action=reinterpret pc=0x00007f85d9275d88 method=sun.nio.cs.StreamDecoder.implRead([CII)I @ 36
Event: 10.102 Thread 0x00007f85e87fe000 Uncommon trap: reason=unstable_if action=reinterpret pc=0x00007f85d8f40d98 method=java.util.HashMap.hash(Ljava/lang/Object;)I @ 1
Event: 11.065 Thread 0x00007f85c4001000 Uncommon trap: reason=unstable_if action=reinterpret pc=0x00007f85d93477f0 method=org.eclipse.jdt.internal.compiler.classfmt.ClassFileReader.<init>([B[CZ)V @ 494
Event: 11.919 Thread 0x00007f85b03c5800 Uncommon trap: reason=unstable_if action=reinterpret pc=0x00007f85d9388fc0 method=org.eclipse.jdt.internal.compiler.classfmt.ClassFileStruct.utf8At(II)[C @ 46
Event: 12.328 Thread 0x00007f85b03c5800 Uncommon trap: reason=null_check action=make_not_entrant pc=0x00007f85d94ebb84 method=org.eclipse.jdt.internal.core.search.indexing.BinaryIndexer.indexDocument()V @ 521

Internal exceptions (10 events):
Event: 10.416 Thread 0x00007f85e8800800 Exception <a 'java/io/FileNotFoundException'> (0x00000000c55cff90) thrown at [/build/openjdk-8-NF02PR/openjdk-8-8u151-b12/src/hotspot/src/share/vm/prims/jni.cpp, line 709]
Event: 10.431 Thread 0x00007f85e8800800 Exception <a 'java/io/FileNotFoundException'> (0x00000000c53e4020) thrown at [/build/openjdk-8-NF02PR/openjdk-8-8u151-b12/src/hotspot/src/share/vm/prims/jni.cpp, line 709]
Event: 11.063 Thread 0x00007f85c4001000 Exception <a 'java/lang/ArrayIndexOutOfBoundsException': 560> (0x00000000c7ffb4c0) thrown at [/build/openjdk-8-NF02PR/openjdk-8-8u151-b12/src/hotspot/src/share/vm/interpreter/interpreterRuntime.cpp, line 366]
Event: 11.186 Thread 0x00007f85c4001000 Exception <a 'java/lang/ArrayIndexOutOfBoundsException': 560> (0x00000000c6199c88) thrown at [/build/openjdk-8-NF02PR/openjdk-8-8u151-b12/src/hotspot/src/share/vm/interpreter/interpreterRuntime.cpp, line 366]
Event: 11.270 Thread 0x00007f85c4001000 Exception <a 'java/lang/ArrayIndexOutOfBoundsException'> (0x00000000c831ab38) thrown at [/build/openjdk-8-NF02PR/openjdk-8-8u151-b12/src/hotspot/src/share/vm/runtime/sharedRuntime.cpp, line 605]
Event: 11.313 Thread 0x00007f85e8800800 Exception <a 'sun/nio/fs/UnixException'> (0x00000000c7c002e0) thrown at [/build/openjdk-8-NF02PR/openjdk-8-8u151-b12/src/hotspot/src/share/vm/prims/jni.cpp, line 709]
Event: 11.316 Thread 0x00007f85e8800800 Exception <a 'java/lang/ArrayIndexOutOfBoundsException'> (0x00000000c7c15cb8) thrown at [/build/openjdk-8-NF02PR/openjdk-8-8u151-b12/src/hotspot/src/share/vm/runtime/sharedRuntime.cpp, line 605]
Event: 11.441 Thread 0x00007f85e8800800 Exception <a 'sun/nio/fs/UnixException'> (0x00000000c5b93740) thrown at [/build/openjdk-8-NF02PR/openjdk-8-8u151-b12/src/hotspot/src/share/vm/prims/jni.cpp, line 709]
Event: 11.441 Thread 0x00007f85e8800800 Exception <a 'sun/nio/fs/UnixException'> (0x00000000c5b94e30) thrown at [/build/openjdk-8-NF02PR/openjdk-8-8u151-b12/src/hotspot/src/share/vm/prims/jni.cpp, line 709]
Event: 12.328 Thread 0x00007f85b03c5800 Implicit null exception at 0x00007f85d94e36bc to 0x00007f85d94ebb5d

Events (10 events):
Event: 12.759 Thread 0x00007f85b03c5800 DEOPT UNPACKING pc=0x00007f85d8a20373 sp=0x00007f85b84bd240 mode 0
Event: 12.766 Thread 0x00007f85b03c5800 DEOPT PACKING pc=0x00007f85d94a8e93 sp=0x00007f85b84bd460
Event: 12.766 Thread 0x00007f85b03c5800 DEOPT UNPACKING pc=0x00007f85d8a20373 sp=0x00007f85b84bd240 mode 0
Event: 12.773 Thread 0x00007f85b03c5800 DEOPT PACKING pc=0x00007f85d94a8e93 sp=0x00007f85b84bd460
Event: 12.773 Thread 0x00007f85b03c5800 DEOPT UNPACKING pc=0x00007f85d8a20373 sp=0x00007f85b84bd240 mode 0
Event: 12.780 Thread 0x00007f85b03c5800 DEOPT PACKING pc=0x00007f85d94a8e93 sp=0x00007f85b84bd460
Event: 12.780 Thread 0x00007f85b03c5800 DEOPT UNPACKING pc=0x00007f85d8a20373 sp=0x00007f85b84bd240 mode 0
Event: 12.781 Thread 0x00007f85b03c5800 DEOPT PACKING pc=0x00007f85d8d3f92b sp=0x00007f85b84bd5c0
Event: 12.781 Thread 0x00007f85b03c5800 DEOPT UNPACKING pc=0x00007f85d8a20373 sp=0x00007f85b84bd300 mode 0
Event: 12.785 Executing VM operation: G1IncCollectionPause


Dynamic libraries:
c0000000-d0800000 rw-p 00000000 00:00 0 
da000000-100000000 ---p 00000000 00:00 0 
100000000-100540000 rw-p 00000000 00:00 0 
100540000-140000000 ---p 00000000 00:00 0 
556667acc000-556667acd000 r-xp 00000000 08:01 3017958                    /usr/lib/jvm/java-8-openjdk-amd64/jre/bin/java
556667ccc000-556667ccd000 r--p 00000000 08:01 3017958                    /usr/lib/jvm/java-8-openjdk-amd64/jre/bin/java
556667ccd000-556667cce000 rw-p 00001000 08:01 3017958                    /usr/lib/jvm/java-8-openjdk-amd64/jre/bin/java
55666821e000-556668fbd000 rw-p 00000000 00:00 0                          [heap]
7f8592e00000-7f8592f80000 rw-p 00000000 00:00 0 
7f8592f80000-7f8593000000 ---p 00000000 00:00 0 
7f8593000000-7f8593200000 rw-p 00000000 00:00 0 
7f8593200000-7f8593400000 rw-p 00000000 00:00 0 
7f8593400000-7f8593600000 rw-p 00000000 00:00 0 
7f8593600000-7f8593800000 rw-p 00000000 00:00 0 
7f8593800000-7f8593a00000 rw-p 00000000 00:00 0 
7f8593a00000-7f8593c00000 rw-p 00000000 00:00 0 
7f8593c00000-7f8593e00000 rw-p 00000000 00:00 0 
7f8593e00000-7f8594000000 rw-p 00000000 00:00 0 
7f8594000000-7f8595be8000 rw-p 00000000 00:00 0 
7f8595be8000-7f8598000000 ---p 00000000 00:00 0 
7f859809b000-7f85980cb000 r--s 0025e000 08:01 399544                     /home/wdd/.vscode/extensions/redhat.java-0.15.0/server/plugins/com.google.guava_21.0.0.v20170206-1425.jar
7f85980cb000-7f85980ce000 ---p 00000000 00:00 0 
7f85980ce000-7f85981cc000 rw-p 00000000 00:00 0 
7f85981cc000-7f85981cf000 ---p 00000000 00:00 0 
7f85981cf000-7f85982cd000 rw-p 00000000 00:00 0 
7f85982cd000-7f85982d0000 ---p 00000000 00:00 0 
7f85982d0000-7f85983ce000 rw-p 00000000 00:00 0 
7f85983ce000-7f85983d1000 ---p 00000000 00:00 0 
7f85983d1000-7f85984cf000 rw-p 00000000 00:00 0 
7f85984cf000-7f85984d2000 ---p 00000000 00:00 0 
7f85984d2000-7f85987d0000 rw-p 00000000 00:00 0 
7f85987d0000-7f85987d3000 ---p 00000000 00:00 0 
7f85987d3000-7f85988d1000 rw-p 00000000 00:00 0 
7f85988d1000-7f85988f9000 r-xp 00000000 08:01 3018022                    /usr/lib/jvm/java-8-openjdk-amd64/jre/lib/amd64/libsunec.so
7f85988f9000-7f8598af9000 ---p 00028000 08:01 3018022                    /usr/lib/jvm/java-8-openjdk-amd64/jre/lib/amd64/libsunec.so
7f8598af9000-7f8598afd000 r--p 00028000 08:01 3018022                    /usr/lib/jvm/java-8-openjdk-amd64/jre/lib/amd64/libsunec.so
7f8598afd000-7f8598afe000 rw-p 0002c000 08:01 3018022                    /usr/lib/jvm/java-8-openjdk-amd64/jre/lib/amd64/libsunec.so
7f8598afe000-7f8598cfe000 rw-p 00000000 00:00 0 
7f8598cfe000-7f8598d01000 ---p 00000000 00:00 0 
7f8598d01000-7f8598fff000 rw-p 00000000 00:00 0 
7f8598fff000-7f859c000000 rw-p 00000000 00:00 0 
7f859c000000-7f859c021000 rw-p 00000000 00:00 0 
7f859c021000-7f85a0000000 ---p 00000000 00:00 0 
7f85a0000000-7f85a0021000 rw-p 00000000 00:00 0 
7f85a0021000-7f85a4000000 ---p 00000000 00:00 0 
7f85a4000000-7f85a4024000 rw-p 00000000 00:00 0 
7f85a4024000-7f85a8000000 ---p 00000000 00:00 0 
7f85a8000000-7f85a8021000 rw-p 00000000 00:00 0 
7f85a8021000-7f85ac000000 ---p 00000000 00:00 0 
7f85ac000000-7f85ac18a000 rw-p 00000000 00:00 0 
7f85ac18a000-7f85b0000000 ---p 00000000 00:00 0 
7f85b0000000-7f85b0565000 rw-p 00000000 00:00 0 
7f85b0565000-7f85b4000000 ---p 00000000 00:00 0 
7f85b4000000-7f85b4021000 rw-p 00000000 00:00 0 
7f85b4021000-7f85b8000000 ---p 00000000 00:00 0 
7f85b8026000-7f85b8051000 r--s 001fc000 08:01 277325                     /home/wdd/.vscode/extensions/redhat.java-0.15.0/server/config_linux/org.eclipse.osgi/57/0/.cp/jars/guava-18.0.jar
7f85b8051000-7f85b8057000 r--s 00041000 08:01 277331                     /home/wdd/.vscode/extensions/redhat.java-0.15.0/server/config_linux/org.eclipse.osgi/57/0/.cp/jars/maven-compat-3.3.9.jar
7f85b8057000-7f85b8059000 r--s 00009000 08:01 277322                     /home/wdd/.vscode/extensions/redhat.java-0.15.0/server/config_linux/org.eclipse.osgi/57/0/.cp/jars/commons-cli-1.2.jar
7f85b8059000-7f85b805b000 r--s 00002000 08:01 277345                     /home/wdd/.vscode/extensions/redhat.java-0.15.0/server/config_linux/org.eclipse.osgi/57/0/.cp/jars/plexus-cipher-1.7.jar
7f85b805b000-7f85b805e000 r--s 00013000 08:01 277333                     /home/wdd/.vscode/extensions/redhat.java-0.15.0/server/config_linux/org.eclipse.osgi/57/0/.cp/jars/maven-embedder-3.3.9.jar
7f85b805e000-7f85b8065000 r--s 00064000 08:01 277324                     /home/wdd/.vscode/extensions/redhat.java-0.15.0/server/config_linux/org.eclipse.osgi/57/0/.cp/jars/commons-lang3-3.4.jar
7f85b8065000-7f85b8066000 r--s 00006000 08:01 277349                     /home/wdd/.vscode/extensions/redhat.java-0.15.0/server/config_linux/org.eclipse.osgi/57/0/.cp/jars/plexus-sec-dispatcher-1.3.jar
7f85b8066000-7f85b8068000 r--s 00000000 08:01 277347                     /home/wdd/.vscode/extensions/redhat.java-0.15.0/server/config_linux/org.eclipse.osgi/57/0/.cp/jars/plexus-component-annotations-1.6.jar
7f85b8068000-7f85b806a000 r--s 0000b000 08:01 277346                     /home/wdd/.vscode/extensions/redhat.java-0.15.0/server/config_linux/org.eclipse.osgi/57/0/.cp/jars/plexus-classworlds-2.5.2.jar
7f85b806a000-7f85b806e000 r--s 00038000 08:01 277350                     /home/wdd/.vscode/extensions/redhat.java-0.15.0/server/config_linux/org.eclipse.osgi/57/0/.cp/jars/plexus-utils-3.0.22.jar
7f85b806e000-7f85b8071000 r--s 0000d000 08:01 277348                     /home/wdd/.vscode/extensions/redhat.java-0.15.0/server/config_linux/org.eclipse.osgi/57/0/.cp/jars/plexus-interpolation-1.21.jar
7f85b8071000-7f85b807a000 r--s 0005f000 08:01 277326                     /home/wdd/.vscode/extensions/redhat.java-0.15.0/server/config_linux/org.eclipse.osgi/57/0/.cp/jars/guice-4.0-no_aop.jar
7f85b807a000-7f85b807e000 r--s 00020000 08:01 277320                     /home/wdd/.vscode/extensions/redhat.java-0.15.0/server/config_linux/org.eclipse.osgi/57/0/.cp/jars/aether-util-1.0.2.v20150114.jar
7f85b807e000-7f85b8083000 r--s 0001d000 08:01 277314                     /home/wdd/.vscode/extensions/redhat.java-0.15.0/server/config_linux/org.eclipse.osgi/57/0/.cp/jars/aether-api-1.0.2.v20150114.jar
7f85b8083000-7f85b8085000 r--s 0000f000 08:01 277328                     /home/wdd/.vscode/extensions/redhat.java-0.15.0/server/config_linux/org.eclipse.osgi/57/0/.cp/jars/maven-aether-provider-3.3.9.jar
7f85b8085000-7f85b808a000 r--s 00027000 08:01 277335                     /home/wdd/.vscode/extensions/redhat.java-0.15.0/server/config_linux/org.eclipse.osgi/57/0/.cp/jars/maven-model-builder-3.3.9.jar
7f85b808a000-7f85b808c000 r--s 0000a000 08:01 277336                     /home/wdd/.vscode/extensions/redhat.java-0.15.0/server/config_linux/org.eclipse.osgi/57/0/.cp/jars/maven-plugin-api-3.3.9.jar
7f85b808c000-7f85b808e000 r--s 0000c000 08:01 277329                     /home/wdd/.vscode/extensions/redhat.java-0.15.0/server/config_linux/org.eclipse.osgi/57/0/.cp/jars/maven-artifact-3.3.9.jar
7f85b808e000-7f85b808f000 r--s 00006000 08:01 277337                     /home/wdd/.vscode/extensions/redhat.java-0.15.0/server/config_linux/org.eclipse.osgi/57/0/.cp/jars/maven-repository-metadata-3.3.9.jar
7f85b808f000-7f85b8090000 r--s 00003000 08:01 277330                     /home/wdd/.vscode/extensions/redhat.java-0.15.0/server/config_linux/org.eclipse.osgi/57/0/.cp/jars/maven-builder-support-3.3.9.jar
7f85b8090000-7f85b8092000 r--s 00009000 08:01 277339                     /home/wdd/.vscode/extensions/redhat.java-0.15.0/server/config_linux/org.eclipse.osgi/57/0/.cp/jars/maven-settings-builder-3.3.9.jar
7f85b8092000-7f85b8093000 r--s 0000a000 08:01 277338                     /home/wdd/.vscode/extensions/redhat.java-0.15.0/server/config_linux/org.eclipse.osgi/57/0/.cp/jars/maven-settings-3.3.9.jar
7f85b8093000-7f85b8096000 r--s 00026000 08:01 277334                     /home/wdd/.vscode/extensions/redhat.java-0.15.0/server/config_linux/org.eclipse.osgi/57/0/.cp/jars/maven-model-3.3.9.jar
7f85b8096000-7f85b80a3000 r--s 0008f000 08:01 277332                     /home/wdd/.vscode/extensions/redhat.java-0.15.0/server/config_linux/org.eclipse.osgi/57/0/.cp/jars/maven-core-3.3.9.jar
7f85b80a3000-7f85b80a8000 r--s 002f9000 08:01 3018033                    /usr/lib/jvm/java-8-openjdk-amd64/jre/lib/charsets.jar
7f85b80a8000-7f85b80bb000 r--s 00346000 08:01 3018069                    /usr/lib/jvm/java-8-openjdk-amd64/jre/lib/resources.jar
7f85b80bb000-7f85b80be000 ---p 00000000 00:00 0 
7f85b80be000-7f85b81bc000 rw-p 00000000 00:00 0 
7f85b81bc000-7f85b81bf000 ---p 00000000 00:00 0 
7f85b81bf000-7f85b82bd000 rw-p 00000000 00:00 0 
7f85b82bd000-7f85b82c0000 ---p 00000000 00:00 0 
7f85b82c0000-7f85b83be000 rw-p 00000000 00:00 0 
7f85b83be000-7f85b83c1000 ---p 00000000 00:00 0 
7f85b83c1000-7f85b86bf000 rw-p 00000000 00:00 0 
7f85b86bf000-7f85b88bf000 rw-p 00000000 00:00 0 
7f85b88bf000-7f85b88c2000 ---p 00000000 00:00 0 
7f85b88c2000-7f85b89c0000 rw-p 00000000 00:00 0 
7f85b89c0000-7f85b89c3000 ---p 00000000 00:00 0 
7f85b89c3000-7f85b8cc1000 rw-p 00000000 00:00 0 
7f85b8cc6000-7f85b8cc8000 r--s 0000e000 08:01 277285                     /home/wdd/.vscode/extensions/redhat.java-0.15.0/server/config_linux/org.eclipse.osgi/48/0/.cp/lib/remark-1.0.0.jar
7f85b8cc8000-7f85b8cce000 r--s 00048000 08:01 271962                     /home/wdd/.vscode/extensions/redhat.java-0.15.0/server/config_linux/org.eclipse.osgi/48/0/.cp/lib/jsoup-1.9.2.jar
7f85b8cd2000-7f85b8cdf000 r--s 00083000 08:01 277293                     /home/wdd/.vscode/extensions/redhat.java-0.15.0/server/config_linux/org.eclipse.osgi/52/0/.cp/commons-collections-3.2.2.jar
7f85b8cdf000-7f85b8ce1000 r--s 00007000 08:01 8657                       /home/wdd/.vscode/extensions/redhat.java-0.15.0/server/config_linux/org.eclipse.osgi/41/0/.cp/lib/java9api.jar
7f85b8ce1000-7f85b8ce3000 r--s 00007000 08:01 3813200                    /home/wdd/.vscode/extensions/redhat.java-0.15.0/server/config_linux/org.eclipse.osgi/40/0/.cp/lib/java9api.jar
7f85b8ce3000-7f85b8ee3000 rw-p 00000000 00:00 0 
7f85b8ee3000-7f85b8ef4000 r-xp 00000000 08:01 3813192                    /home/wdd/.vscode/extensions/redhat.java-0.15.0/server/config_linux/org.eclipse.equinox.launcher/org.eclipse.equinox.launcher.gtk.linux.x86_64_1.1.550.v20170928-1359/eclipse_1629.so
7f85b8ef4000-7f85b90f3000 ---p 00011000 08:01 3813192                    /home/wdd/.vscode/extensions/redhat.java-0.15.0/server/config_linux/org.eclipse.equinox.launcher/org.eclipse.equinox.launcher.gtk.linux.x86_64_1.1.550.v20170928-1359/eclipse_1629.so
7f85b90f3000-7f85b90f4000 r--p 00010000 08:01 3813192                    /home/wdd/.vscode/extensions/redhat.java-0.15.0/server/config_linux/org.eclipse.equinox.launcher/org.eclipse.equinox.launcher.gtk.linux.x86_64_1.1.550.v20170928-1359/eclipse_1629.so
7f85b90f4000-7f85b90f5000 rw-p 00011000 08:01 3813192                    /home/wdd/.vscode/extensions/redhat.java-0.15.0/server/config_linux/org.eclipse.equinox.launcher/org.eclipse.equinox.launcher.gtk.linux.x86_64_1.1.550.v20170928-1359/eclipse_1629.so
7f85b90f5000-7f85b90f6000 rw-p 00000000 00:00 0 
7f85b90f6000-7f85b90f9000 ---p 00000000 00:00 0 
7f85b90f9000-7f85b91f7000 rw-p 00000000 00:00 0 
7f85b91f7000-7f85b91f9000 r--s 00007000 08:01 399626                     /home/wdd/.vscode/extensions/redhat.java-0.15.0/server/plugins/org.slf4j.api_1.7.2.v20121108-1250.jar
7f85b91f9000-7f85b91fb000 r--s 00046000 08:01 399625                     /home/wdd/.vscode/extensions/redhat.java-0.15.0/server/plugins/org.junit_4.12.0.v201504281640.jar
7f85b91fd000-7f85b922a000 r--s 001a3000 08:01 399623                     /home/wdd/.vscode/extensions/redhat.java-0.15.0/server/plugins/org.gradle.toolingapi_4.3.0.v20171108133209.jar
7f85b9236000-7f85b923c000 r--s 00041000 08:01 399597                     /home/wdd/.vscode/extensions/redhat.java-0.15.0/server/plugins/org.eclipse.jdt.core.manipulation_1.9.50.v20170920-1015.jar
7f85b923c000-7f85b9244000 r--s 00058000 08:01 277302                     /home/wdd/.vscode/extensions/redhat.java-0.15.0/server/config_linux/org.eclipse.osgi/52/0/.cp/velocity-1.5.jar
7f85b9244000-7f85b9246000 r--s 0063c000 08:01 399612                     /home/wdd/.vscode/extensions/redhat.java-0.15.0/server/plugins/org.eclipse.m2e.maven.runtime_1.8.2.20171007-0216.jar
7f85b9246000-7f85b9249000 r--s 00112000 08:01 399611                     /home/wdd/.vscode/extensions/redhat.java-0.15.0/server/plugins/org.eclipse.m2e.maven.indexer_1.8.2.20171007-0216.jar
7f85b924a000-7f85b924d000 r--s 0001b000 08:01 399559                     /home/wdd/.vscode/extensions/redhat.java-0.15.0/server/plugins/org.eclipse.core.filebuffers_3.6.100.v20170203-1130.jar
7f85b924d000-7f85b9258000 r--s 0008d000 08:01 399608                     /home/wdd/.vscode/extensions/redhat.java-0.15.0/server/plugins/org.eclipse.m2e.core_1.8.2.20171007-0217.jar
7f85b9258000-7f85b925a000 r--s 001e7000 08:01 399607                     /home/wdd/.vscode/extensions/redhat.java-0.15.0/server/plugins/org.eclipse.m2e.archetype.common_1.8.2.20171007-0216.jar
7f85b925c000-7f85b9261000 r--s 0003d000 08:01 399619                     /home/wdd/.vscode/extensions/redhat.java-0.15.0/server/plugins/org.eclipse.text_3.6.100.v20170203-0814.jar
7f85b9261000-7f85b9263000 r--s 00014000 08:01 399605                     /home/wdd/.vscode/extensions/redhat.java-0.15.0/server/plugins/org.eclipse.lsp4j.jsonrpc_0.3.0.v20170913-0639.jar
7f85b9263000-7f85b926a000 r--s 00046000 08:01 399604                     /home/wdd/.vscode/extensions/redhat.java-0.15.0/server/plugins/org.eclipse.lsp4j_0.3.0.v20170913-0639.jar
7f85b926a000-7f85b9278000 r--s 0014a000 08:01 399603                     /home/wdd/.vscode/extensions/redhat.java-0.15.0/server/plugins/org.eclipse.jdt.ls.core_0.9.0.201711302119.jar
7f85b9278000-7f85b927d000 r--s 00051000 08:01 399601                     /home/wdd/.vscode/extensions/redhat.java-0.15.0/server/plugins/org.eclipse.jdt.launching_3.9.50.v20171009-0349.jar
7f85b927d000-7f85b9280000 r--s 00023000 08:01 277298                     /home/wdd/.vscode/extensions/redhat.java-0.15.0/server/config_linux/org.eclipse.osgi/52/0/.cp/jdom-1.0.jar
7f85b9280000-7f85b9285000 r--s 00048000 08:01 277296                     /home/wdd/.vscode/extensions/redhat.java-0.15.0/server/config_linux/org.eclipse.osgi/52/0/.cp/dom4j-1.6.1.jar
7f85b9285000-7f85b9289000 r--s 0002f000 08:01 277295                     /home/wdd/.vscode/extensions/redhat.java-0.15.0/server/config_linux/org.eclipse.osgi/52/0/.cp/commons-lang-2.1.jar
7f85b9289000-7f85b92c5000 r--s 0062b000 08:01 399596                     /home/wdd/.vscode/extensions/redhat.java-0.15.0/server/plugins/org.eclipse.jdt.core_3.13.50.v20171007-0855.jar
7f85b92c5000-7f85b92c7000 r--s 0001d000 08:01 399595                     /home/wdd/.vscode/extensions/redhat.java-0.15.0/server/plugins/org.eclipse.jdt.compiler.tool_1.2.50.v20170920-0950.jar
7f85b92c7000-7f85b92cb000 r--s 00038000 08:01 399594                     /home/wdd/.vscode/extensions/redhat.java-0.15.0/server/plugins/org.eclipse.jdt.compiler.apt_1.3.50.v20170920-0950.jar
7f85b92cb000-7f85b92cd000 r--s 0000e000 08:01 277300                     /home/wdd/.vscode/extensions/redhat.java-0.15.0/server/config_linux/org.eclipse.osgi/52/0/.cp/oro-2.0.8.jar
7f85b92cd000-7f85b92d1000 r--s 00027000 08:01 277294                     /home/wdd/.vscode/extensions/redhat.java-0.15.0/server/config_linux/org.eclipse.osgi/52/0/.cp/commons-io-2.2.jar
7f85b92d1000-7f85b92d4000 r--s 00018000 08:01 399583                     /home/wdd/.vscode/extensions/redhat.java-0.15.0/server/plugins/org.eclipse.equinox.security_1.2.300.v20170505-1235.jar
7f85b92d4000-7f85b92d8000 r--s 0002a000 08:01 399582                     /home/wdd/.vscode/extensions/redhat.java-0.15.0/server/plugins/org.eclipse.equinox.registry_3.7.0.v20170222-1344.jar
7f85b92d8000-7f85b92db000 r--s 0001e000 08:01 399581                     /home/wdd/.vscode/extensions/redhat.java-0.15.0/server/plugins/org.eclipse.equinox.preferences_3.7.0.v20170126-2132.jar
7f85b92dc000-7f85b92de000 r--s 00005000 08:01 277297                     /home/wdd/.vscode/extensions/redhat.java-0.15.0/server/config_linux/org.eclipse.osgi/52/0/.cp/jchardet-1.0.jar
7f85b92de000-7f85b92e1000 r--s 0001b000 08:01 399572                     /home/wdd/.vscode/extensions/redhat.java-0.15.0/server/plugins/org.eclipse.equinox.common_3.9.0.v20170207-1454.jar
7f85b92e1000-7f85b92e3000 r--s 00014000 08:01 399571                     /home/wdd/.vscode/extensions/redhat.java-0.15.0/server/plugins/org.eclipse.equinox.app_1.3.400.v20150715-1528.jar
7f85b92e3000-7f85b92eb000 r--s 00058000 08:01 399570                     /home/wdd/.vscode/extensions/redhat.java-0.15.0/server/plugins/org.eclipse.debug.core_3.11.0.v20170605-1534.jar
7f85b92eb000-7f85b92ed000 r--s 00011000 08:01 399568                     /home/wdd/.vscode/extensions/redhat.java-0.15.0/server/plugins/org.eclipse.core.runtime_3.13.0.v20170207-1030.jar
7f85b92ed000-7f85b92f8000 r--s 000cf000 08:01 399567                     /home/wdd/.vscode/extensions/redhat.java-0.15.0/server/plugins/org.eclipse.core.resources_3.12.0.v20170417-1558.jar
7f85b92f8000-7f85b92fa000 r--s 00011000 08:01 399562                     /home/wdd/.vscode/extensions/redhat.java-0.15.0/server/plugins/org.eclipse.core.net_1.3.100.v20170516-0820.jar
7f85b92fa000-7f85b92fd000 r--s 00018000 08:01 399561                     /home/wdd/.vscode/extensions/redhat.java-0.15.0/server/plugins/org.eclipse.core.jobs_3.9.1.v20170714-0547.jar
7f85b92fd000-7f85b92fe000 r--s 00001000 08:01 277301                     /home/wdd/.vscode/extensions/redhat.java-0.15.0/server/config_linux/org.eclipse.osgi/52/0/.cp/plexus-velocity-1.1.8.jar
7f85b92fe000-7f85b9300000 r--s 00006000 08:01 277299                     /home/wdd/.vscode/extensions/redhat.java-0.15.0/server/config_linux/org.eclipse.osgi/52/0/.cp/maven-invoker-2.1.1.jar
7f85b9300000-7f85b9302000 r--s 00003000 08:01 277292                     /home/wdd/.vscode/extensions/redhat.java-0.15.0/server/config_linux/org.eclipse.osgi/52/0/.cp/archetype-registry-2.4.jar
7f85b9302000-7f85b9303000 r--s 00005000 08:01 277291                     /home/wdd/.vscode/extensions/redhat.java-0.15.0/server/config_linux/org.eclipse.osgi/52/0/.cp/archetype-descriptor-2.4.jar
7f85b9303000-7f85b9306000 r--s 00017000 08:01 399557                     /home/wdd/.vscode/extensions/redhat.java-0.15.0/server/plugins/org.eclipse.core.contenttype_3.6.0.v20170207-1037.jar
7f85b9306000-7f85b930a000 r--s 00027000 08:01 277290                     /home/wdd/.vscode/extensions/redhat.java-0.15.0/server/config_linux/org.eclipse.osgi/52/0/.cp/archetype-common-2.4.jar
7f85b930a000-7f85b930d000 r--s 00014000 08:01 277309                     /home/wdd/.vscode/extensions/redhat.java-0.15.0/server/config_linux/org.eclipse.osgi/56/0/.cp/lucene-highlighter-2.4.1.jar
7f85b930d000-7f85b931b000 r--s 000bb000 08:01 277308                     /home/wdd/.vscode/extensions/redhat.java-0.15.0/server/config_linux/org.eclipse.osgi/56/0/.cp/lucene-core-2.4.1.jar
7f85b931b000-7f85b931d000 r--s 00005000 08:01 277306                     /home/wdd/.vscode/extensions/redhat.java-0.15.0/server/config_linux/org.eclipse.osgi/56/0/.cp/indexer-artifact-3.1.0.jar
7f85b931d000-7f85b9322000 r--s 0002c000 08:01 277307                     /home/wdd/.vscode/extensions/redhat.java-0.15.0/server/config_linux/org.eclipse.osgi/56/0/.cp/indexer-core-3.1.0.jar
7f85b9322000-7f85b9324000 r--s 00003000 08:01 399549                     /home/wdd/.vscode/extensions/redhat.java-0.15.0/server/plugins/javax.inject_1.0.0.v20091030.jar
7f85b9324000-7f85b9329000 r--s 00041000 08:01 277323                     /home/wdd/.vscode/extensions/redhat.java-0.15.0/server/config_linux/org.eclipse.osgi/57/0/.cp/jars/commons-lang-2.6.jar
7f85b9329000-7f85b932b000 r--s 00005000 08:01 277319                     /home/wdd/.vscode/extensions/redhat.java-0.15.0/server/config_linux/org.eclipse.osgi/57/0/.cp/jars/aether-transport-wagon-1.0.2.v20150114.jar
7f85b932b000-7f85b9331000 r--s 0005b000 08:01 277340                     /home/wdd/.vscode/extensions/redhat.java-0.15.0/server/config_linux/org.eclipse.osgi/57/0/.cp/jars/okhttp-3.7.0.jar
7f85b9331000-7f85b9337000 r--s 0002d000 08:01 277343                     /home/wdd/.vscode/extensions/redhat.java-0.15.0/server/config_linux/org.eclipse.osgi/57/0/.cp/jars/org.eclipse.sisu.plexus-0.3.2.jar
7f85b9337000-7f85b933a000 r--s 0000b000 08:01 277352                     /home/wdd/.vscode/extensions/redhat.java-0.15.0/server/config_linux/org.eclipse.osgi/57/0/.cp/jars/wagon-provider-api-2.10.jar
7f85b933a000-7f85b9363000 r--s 00200000 08:01 399543                     /home/wdd/.vscode/extensions/redhat.java-0.15.0/server/plugins/com.google.guava_15.0.0.v201403281430.jar
7f85b9363000-7f85b9366000 ---p 00000000 00:00 0 
7f85b9366000-7f85b9464000 rw-p 00000000 00:00 0 
7f85b9464000-7f85b9467000 ---p 00000000 00:00 0 
7f85b9467000-7f85b9565000 rw-p 00000000 00:00 0 
7f85b9565000-7f85b9568000 ---p 00000000 00:00 0 
7f85b9568000-7f85b9666000 rw-p 00000000 00:00 0 
7f85b9666000-7f85b9677000 r-xp 00000000 08:01 3018018                    /usr/lib/jvm/java-8-openjdk-amd64/jre/lib/amd64/libnio.so
7f85b9677000-7f85b9877000 ---p 00011000 08:01 3018018                    /usr/lib/jvm/java-8-openjdk-amd64/jre/lib/amd64/libnio.so
7f85b9877000-7f85b9878000 r--p 00011000 08:01 3018018                    /usr/lib/jvm/java-8-openjdk-amd64/jre/lib/amd64/libnio.so
7f85b9878000-7f85b9879000 rw-p 00012000 08:01 3018018                    /usr/lib/jvm/java-8-openjdk-amd64/jre/lib/amd64/libnio.so
7f85b9879000-7f85b9890000 r-xp 00000000 08:01 3018016                    /usr/lib/jvm/java-8-openjdk-amd64/jre/lib/amd64/libnet.so
7f85b9890000-7f85b9a8f000 ---p 00017000 08:01 3018016                    /usr/lib/jvm/java-8-openjdk-amd64/jre/lib/amd64/libnet.so
7f85b9a8f000-7f85b9a90000 r--p 00016000 08:01 3018016                    /usr/lib/jvm/java-8-openjdk-amd64/jre/lib/amd64/libnet.so
7f85b9a90000-7f85b9a91000 rw-p 00017000 08:01 3018016                    /usr/lib/jvm/java-8-openjdk-amd64/jre/lib/amd64/libnet.so
7f85b9a91000-7f85b9aa7000 r--s 0013d000 08:01 399615                     /home/wdd/.vscode/extensions/redhat.java-0.15.0/server/plugins/org.eclipse.osgi_3.12.50.v20170928-1321.jar
7f85b9aa7000-7f85b9aaa000 ---p 00000000 00:00 0 
7f85b9aaa000-7f85b9ae0000 rw-p 00000000 00:00 0 
7f85b9ae0000-7f85b9afb000 r--s 001d6000 08:01 3018047                    /usr/lib/jvm/java-8-openjdk-amd64/jre/lib/ext/nashorn.jar
7f85b9afb000-7f85b9afc000 ---p 00000000 00:00 0 
7f85b9afc000-7f85b9bfc000 rw-p 00000000 00:00 0 
7f85b9bfc000-7f85b9bff000 ---p 00000000 00:00 0 
7f85b9bff000-7f85b9cfd000 rw-p 00000000 00:00 0 
7f85b9cfd000-7f85b9d00000 ---p 00000000 00:00 0 
7f85b9d00000-7f85b9dfe000 rw-p 00000000 00:00 0 
7f85b9dfe000-7f85b9e01000 ---p 00000000 00:00 0 
7f85b9e01000-7f85b9eff000 rw-p 00000000 00:00 0 
7f85b9eff000-7f85b9f02000 ---p 00000000 00:00 0 
7f85b9f02000-7f85bc000000 rw-p 00000000 00:00 0 
7f85bc000000-7f85bc0b1000 rw-p 00000000 00:00 0 
7f85bc0b1000-7f85c0000000 ---p 00000000 00:00 0 
7f85c0000000-7f85c00b0000 rw-p 00000000 00:00 0 
7f85c00b0000-7f85c4000000 ---p 00000000 00:00 0 
7f85c4000000-7f85c4903000 rw-p 00000000 00:00 0 
7f85c4903000-7f85c8000000 ---p 00000000 00:00 0 
7f85c8000000-7f85c8001000 r--s 00004000 08:01 277289                     /home/wdd/.vscode/extensions/redhat.java-0.15.0/server/config_linux/org.eclipse.osgi/52/0/.cp/archetype-catalog-2.4.jar
7f85c8001000-7f85c800a000 r--s 0004e000 08:01 399554                     /home/wdd/.vscode/extensions/redhat.java-0.15.0/server/plugins/org.eclipse.buildship.core_2.2.0.v20171110-0245-m.jar
7f85c800a000-7f85c800b000 r--s 00002000 08:01 277351                     /home/wdd/.vscode/extensions/redhat.java-0.15.0/server/config_linux/org.eclipse.osgi/57/0/.cp/jars/wagon-file-2.10.jar
7f85c800b000-7f85c800c000 r--s 00008000 08:01 277315                     /home/wdd/.vscode/extensions/redhat.java-0.15.0/server/config_linux/org.eclipse.osgi/57/0/.cp/jars/aether-connector-basic-1.0.2.v20150114.jar
7f85c800c000-7f85c800e000 r--s 0000b000 08:01 277316                     /home/wdd/.vscode/extensions/redhat.java-0.15.0/server/config_linux/org.eclipse.osgi/57/0/.cp/jars/aether-connector-okhttp-0.17.2.jar
7f85c800e000-7f85c8012000 r--s 00027000 08:01 277317                     /home/wdd/.vscode/extensions/redhat.java-0.15.0/server/config_linux/org.eclipse.osgi/57/0/.cp/jars/aether-impl-1.0.2.v20150114.jar
7f85c8012000-7f85c802d000 r--s 00394000 08:01 3018041                    /usr/lib/jvm/java-8-openjdk-amd64/jre/lib/ext/cldrdata.jar
7f85c802d000-7f85c8030000 ---p 00000000 00:00 0 
7f85c8030000-7f85c812e000 rw-p 00000000 00:00 0 
7f85c812e000-7f85c8409000 r--p 00000000 08:01 3017895                    /usr/lib/locale/locale-archive
7f85c8409000-7f85c840c000 ---p 00000000 00:00 0 
7f85c840c000-7f85c850a000 rw-p 00000000 00:00 0 
7f85c850a000-7f85c850d000 ---p 00000000 00:00 0 
7f85c850d000-7f85c860b000 rw-p 00000000 00:00 0 
7f85c860b000-7f85c860c000 ---p 00000000 00:00 0 
7f85c860c000-7f85c875a000 rw-p 00000000 00:00 0 
7f85c875a000-7f85c8929000 r--s 03c21000 08:01 3018070                    /usr/lib/jvm/java-8-openjdk-amd64/jre/lib/rt.jar
7f85c8929000-7f85c91fa000 rw-p 00000000 00:00 0 
7f85c91fa000-7f85c91fb000 ---p 00000000 00:00 0 
7f85c91fb000-7f85c94fd000 rw-p 00000000 00:00 0 
7f85c94fd000-7f85c94fe000 ---p 00000000 00:00 0 
7f85c94fe000-7f85c95fe000 rw-p 00000000 00:00 0 
7f85c95fe000-7f85c95ff000 ---p 00000000 00:00 0 
7f85c95ff000-7f85c9b1f000 rw-p 00000000 00:00 0 
7f85c9b1f000-7f85ca6ff000 ---p 00000000 00:00 0 
7f85ca6ff000-7f85cab1f000 rw-p 00000000 00:00 0 
7f85cab1f000-7f85cb6ff000 ---p 00000000 00:00 0 
7f85cb6ff000-7f85cb783000 rw-p 00000000 00:00 0 
7f85cb783000-7f85cb8ff000 ---p 00000000 00:00 0 
7f85cb8ff000-7f85cb983000 rw-p 00000000 00:00 0 
7f85cb983000-7f85cbcff000 ---p 00000000 00:00 0 
7f85cbcff000-7f85cbd83000 rw-p 00000000 00:00 0 
7f85cbd83000-7f85cbeff000 ---p 00000000 00:00 0 
7f85cbeff000-7f85cbf00000 ---p 00000000 00:00 0 
7f85cbf00000-7f85cc000000 rw-p 00000000 00:00 0 
7f85cc000000-7f85cc113000 rw-p 00000000 00:00 0 
7f85cc113000-7f85d0000000 ---p 00000000 00:00 0 
7f85d0000000-7f85d0021000 rw-p 00000000 00:00 0 
7f85d0021000-7f85d4000000 ---p 00000000 00:00 0 
7f85d4000000-7f85d427c000 rw-p 00000000 00:00 0 
7f85d427c000-7f85d8000000 ---p 00000000 00:00 0 
7f85d8000000-7f85d8002000 r--s 0000f000 08:01 399560                     /home/wdd/.vscode/extensions/redhat.java-0.15.0/server/plugins/org.eclipse.core.filesystem_1.7.0.v20170406-1337.jar
7f85d8002000-7f85d8004000 r--s 00006000 08:01 277318                     /home/wdd/.vscode/extensions/redhat.java-0.15.0/server/config_linux/org.eclipse.osgi/57/0/.cp/jars/aether-spi-1.0.2.v20150114.jar
7f85d8004000-7f85d8006000 r--s 00001000 08:01 277344                     /home/wdd/.vscode/extensions/redhat.java-0.15.0/server/config_linux/org.eclipse.osgi/57/0/.cp/jars/plexus-build-api-0.0.7.jar
7f85d8006000-7f85d800b000 r--s 0004c000 08:01 399551                     /home/wdd/.vscode/extensions/redhat.java-0.15.0/server/plugins/org.apache.commons.lang3_3.1.0.v201403281430.jar
7f85d800b000-7f85d8013000 r--s 00055000 08:01 277342                     /home/wdd/.vscode/extensions/redhat.java-0.15.0/server/config_linux/org.eclipse.osgi/57/0/.cp/jars/org.eclipse.sisu.inject-0.3.2.jar
7f85d8013000-7f85d8014000 ---p 00000000 00:00 0 
7f85d8014000-7f85d8114000 rw-p 00000000 00:00 0 
7f85d8114000-7f85d8115000 ---p 00000000 00:00 0 
7f85d8115000-7f85d8417000 rw-p 00000000 00:00 0 
7f85d8417000-7f85d8418000 ---p 00000000 00:00 0 
7f85d8418000-7f85d8518000 rw-p 00000000 00:00 0 
7f85d8518000-7f85d8519000 ---p 00000000 00:00 0 
7f85d8519000-7f85d8646000 rw-p 00000000 00:00 0 
7f85d8646000-7f85d89d9000 ---p 00000000 00:00 0 
7f85d89d9000-7f85d9519000 rwxp 00000000 00:00 0 
7f85d9519000-7f85e79d9000 ---p 00000000 00:00 0 
7f85e79d9000-7f85e79e1000 r-xp 00000000 08:01 3018025                    /usr/lib/jvm/java-8-openjdk-amd64/jre/lib/amd64/libzip.so
7f85e79e1000-7f85e7be0000 ---p 00008000 08:01 3018025                    /usr/lib/jvm/java-8-openjdk-amd64/jre/lib/amd64/libzip.so
7f85e7be0000-7f85e7be1000 r--p 00007000 08:01 3018025                    /usr/lib/jvm/java-8-openjdk-amd64/jre/lib/amd64/libzip.so
7f85e7be1000-7f85e7be2000 rw-p 00008000 08:01 3018025                    /usr/lib/jvm/java-8-openjdk-amd64/jre/lib/amd64/libzip.so
7f85e7be2000-7f85e7bed000 r-xp 00000000 08:01 2630128                    /lib/x86_64-linux-gnu/libnss_files-2.24.so
7f85e7bed000-7f85e7dec000 ---p 0000b000 08:01 2630128                    /lib/x86_64-linux-gnu/libnss_files-2.24.so
7f85e7dec000-7f85e7ded000 r--p 0000a000 08:01 2630128                    /lib/x86_64-linux-gnu/libnss_files-2.24.so
7f85e7ded000-7f85e7dee000 rw-p 0000b000 08:01 2630128                    /lib/x86_64-linux-gnu/libnss_files-2.24.so
7f85e7dee000-7f85e7df4000 rw-p 00000000 00:00 0 
7f85e7df4000-7f85e7dff000 r-xp 00000000 08:01 2630130                    /lib/x86_64-linux-gnu/libnss_nis-2.24.so
7f85e7dff000-7f85e7ffe000 ---p 0000b000 08:01 2630130                    /lib/x86_64-linux-gnu/libnss_nis-2.24.so
7f85e7ffe000-7f85e7fff000 r--p 0000a000 08:01 2630130                    /lib/x86_64-linux-gnu/libnss_nis-2.24.so
7f85e7fff000-7f85e8000000 rw-p 0000b000 08:01 2630130                    /lib/x86_64-linux-gnu/libnss_nis-2.24.so
7f85e8000000-7f85e8807000 rw-p 00000000 00:00 0 
7f85e8807000-7f85ec000000 ---p 00000000 00:00 0 
7f85ec000000-7f85ec002000 r--s 00012000 08:01 277341                     /home/wdd/.vscode/extensions/redhat.java-0.15.0/server/config_linux/org.eclipse.osgi/57/0/.cp/jars/okio-1.12.0.jar
7f85ec002000-7f85ec003000 r--s 00001000 08:01 277327                     /home/wdd/.vscode/extensions/redhat.java-0.15.0/server/config_linux/org.eclipse.osgi/57/0/.cp/jars/jsr250-api-1.0.jar
7f85ec003000-7f85ec006000 r--s 00008000 08:01 277321                     /home/wdd/.vscode/extensions/redhat.java-0.15.0/server/config_linux/org.eclipse.osgi/57/0/.cp/jars/cdi-api-1.0.jar
7f85ec006000-7f85ec008000 r--s 00005000 08:01 399547                     /home/wdd/.vscode/extensions/redhat.java-0.15.0/server/plugins/com.gradleware.tooling.utils_0.19.4.v20171108133209.jar
7f85ec008000-7f85ec00d000 r--s 0001f000 08:01 399546                     /home/wdd/.vscode/extensions/redhat.java-0.15.0/server/plugins/com.gradleware.tooling.model_0.19.4.v20171108133209.jar
7f85ec00d000-7f85ec00f000 r--s 0000c000 08:01 399545                     /home/wdd/.vscode/extensions/redhat.java-0.15.0/server/plugins/com.gradleware.tooling.client_0.19.4.v20171108133209.jar
7f85ec00f000-7f85ec015000 r--s 0003a000 08:01 399542                     /home/wdd/.vscode/extensions/redhat.java-0.15.0/server/plugins/com.google.gson_2.7.0.v20170129-0911.jar
7f85ec015000-7f85ec017000 r--s 0003a000 08:01 399616                     /home/wdd/.vscode/extensions/redhat.java-0.15.0/server/plugins/org.eclipse.osgi.compatibility.state_1.1.0.v20170516-1513.jar
7f85ec017000-7f85ec02d000 r-xp 00000000 08:01 2630125                    /lib/x86_64-linux-gnu/libnsl-2.24.so
7f85ec02d000-7f85ec22c000 ---p 00016000 08:01 2630125                    /lib/x86_64-linux-gnu/libnsl-2.24.so
7f85ec22c000-7f85ec22d000 r--p 00015000 08:01 2630125                    /lib/x86_64-linux-gnu/libnsl-2.24.so
7f85ec22d000-7f85ec22e000 rw-p 00016000 08:01 2630125                    /lib/x86_64-linux-gnu/libnsl-2.24.so
7f85ec22e000-7f85ec230000 rw-p 00000000 00:00 0 
7f85ec230000-7f85ec238000 r-xp 00000000 08:01 2630126                    /lib/x86_64-linux-gnu/libnss_compat-2.24.so
7f85ec238000-7f85ec437000 ---p 00008000 08:01 2630126                    /lib/x86_64-linux-gnu/libnss_compat-2.24.so
7f85ec437000-7f85ec438000 r--p 00007000 08:01 2630126                    /lib/x86_64-linux-gnu/libnss_compat-2.24.so
7f85ec438000-7f85ec439000 rw-p 00008000 08:01 2630126                    /lib/x86_64-linux-gnu/libnss_compat-2.24.so
7f85ec439000-7f85ec466000 r-xp 00000000 08:01 3018002                    /usr/lib/jvm/java-8-openjdk-amd64/jre/lib/amd64/libjava.so
7f85ec466000-7f85ec665000 ---p 0002d000 08:01 3018002                    /usr/lib/jvm/java-8-openjdk-amd64/jre/lib/amd64/libjava.so
7f85ec665000-7f85ec666000 r--p 0002c000 08:01 3018002                    /usr/lib/jvm/java-8-openjdk-amd64/jre/lib/amd64/libjava.so
7f85ec666000-7f85ec668000 rw-p 0002d000 08:01 3018002                    /usr/lib/jvm/java-8-openjdk-amd64/jre/lib/amd64/libjava.so
7f85ec668000-7f85ec677000 r-xp 00000000 08:01 3018024                    /usr/lib/jvm/java-8-openjdk-amd64/jre/lib/amd64/libverify.so
7f85ec677000-7f85ec877000 ---p 0000f000 08:01 3018024                    /usr/lib/jvm/java-8-openjdk-amd64/jre/lib/amd64/libverify.so
7f85ec877000-7f85ec879000 r--p 0000f000 08:01 3018024                    /usr/lib/jvm/java-8-openjdk-amd64/jre/lib/amd64/libverify.so
7f85ec879000-7f85ec87a000 rw-p 00011000 08:01 3018024                    /usr/lib/jvm/java-8-openjdk-amd64/jre/lib/amd64/libverify.so
7f85ec87a000-7f85ec881000 r-xp 00000000 08:01 2630135                    /lib/x86_64-linux-gnu/librt-2.24.so
7f85ec881000-7f85eca80000 ---p 00007000 08:01 2630135                    /lib/x86_64-linux-gnu/librt-2.24.so
7f85eca80000-7f85eca81000 r--p 00006000 08:01 2630135                    /lib/x86_64-linux-gnu/librt-2.24.so
7f85eca81000-7f85eca82000 rw-p 00007000 08:01 2630135                    /lib/x86_64-linux-gnu/librt-2.24.so
7f85eca82000-7f85eca98000 r-xp 00000000 08:01 2626595                    /lib/x86_64-linux-gnu/libgcc_s.so.1
7f85eca98000-7f85ecc97000 ---p 00016000 08:01 2626595                    /lib/x86_64-linux-gnu/libgcc_s.so.1
7f85ecc97000-7f85ecc98000 r--p 00015000 08:01 2626595                    /lib/x86_64-linux-gnu/libgcc_s.so.1
7f85ecc98000-7f85ecc99000 rw-p 00016000 08:01 2626595                    /lib/x86_64-linux-gnu/libgcc_s.so.1
7f85ecc99000-7f85ecda1000 r-xp 00000000 08:01 2630120                    /lib/x86_64-linux-gnu/libm-2.24.so
7f85ecda1000-7f85ecfa0000 ---p 00108000 08:01 2630120                    /lib/x86_64-linux-gnu/libm-2.24.so
7f85ecfa0000-7f85ecfa1000 r--p 00107000 08:01 2630120                    /lib/x86_64-linux-gnu/libm-2.24.so
7f85ecfa1000-7f85ecfa2000 rw-p 00108000 08:01 2630120                    /lib/x86_64-linux-gnu/libm-2.24.so
7f85ecfa2000-7f85ed11b000 r-xp 00000000 08:01 3024136                    /usr/lib/x86_64-linux-gnu/libstdc++.so.6.0.22
7f85ed11b000-7f85ed31a000 ---p 00179000 08:01 3024136                    /usr/lib/x86_64-linux-gnu/libstdc++.so.6.0.22
7f85ed31a000-7f85ed324000 r--p 00178000 08:01 3024136                    /usr/lib/x86_64-linux-gnu/libstdc++.so.6.0.22
7f85ed324000-7f85ed326000 rw-p 00182000 08:01 3024136                    /usr/lib/x86_64-linux-gnu/libstdc++.so.6.0.22
7f85ed326000-7f85ed32a000 rw-p 00000000 00:00 0 
7f85ed32a000-7f85edf7f000 r-xp 00000000 08:01 3018027                    /usr/lib/jvm/java-8-openjdk-amd64/jre/lib/amd64/server/libjvm.so
7f85edf7f000-7f85ee17f000 ---p 00c55000 08:01 3018027                    /usr/lib/jvm/java-8-openjdk-amd64/jre/lib/amd64/server/libjvm.so
7f85ee17f000-7f85ee212000 r--p 00c55000 08:01 3018027                    /usr/lib/jvm/java-8-openjdk-amd64/jre/lib/amd64/server/libjvm.so
7f85ee212000-7f85ee23b000 rw-p 00ce8000 08:01 3018027                    /usr/lib/jvm/java-8-openjdk-amd64/jre/lib/amd64/server/libjvm.so
7f85ee23b000-7f85ee26b000 rw-p 00000000 00:00 0 
7f85ee26b000-7f85ee283000 r-xp 00000000 08:01 2630133                    /lib/x86_64-linux-gnu/libpthread-2.24.so
7f85ee283000-7f85ee483000 ---p 00018000 08:01 2630133                    /lib/x86_64-linux-gnu/libpthread-2.24.so
7f85ee483000-7f85ee484000 r--p 00018000 08:01 2630133                    /lib/x86_64-linux-gnu/libpthread-2.24.so
7f85ee484000-7f85ee485000 rw-p 00019000 08:01 2630133                    /lib/x86_64-linux-gnu/libpthread-2.24.so
7f85ee485000-7f85ee489000 rw-p 00000000 00:00 0 
7f85ee489000-7f85ee48c000 r-xp 00000000 08:01 2630115                    /lib/x86_64-linux-gnu/libdl-2.24.so
7f85ee48c000-7f85ee68b000 ---p 00003000 08:01 2630115                    /lib/x86_64-linux-gnu/libdl-2.24.so
7f85ee68b000-7f85ee68c000 r--p 00002000 08:01 2630115                    /lib/x86_64-linux-gnu/libdl-2.24.so
7f85ee68c000-7f85ee68d000 rw-p 00003000 08:01 2630115                    /lib/x86_64-linux-gnu/libdl-2.24.so
7f85ee68d000-7f85ee6a8000 r-xp 00000000 08:01 2626736                    /lib/x86_64-linux-gnu/libz.so.1.2.11
7f85ee6a8000-7f85ee8a7000 ---p 0001b000 08:01 2626736                    /lib/x86_64-linux-gnu/libz.so.1.2.11
7f85ee8a7000-7f85ee8a8000 r--p 0001a000 08:01 2626736                    /lib/x86_64-linux-gnu/libz.so.1.2.11
7f85ee8a8000-7f85ee8a9000 rw-p 0001b000 08:01 2626736                    /lib/x86_64-linux-gnu/libz.so.1.2.11
7f85ee8a9000-7f85eea67000 r-xp 00000000 08:01 2630112                    /lib/x86_64-linux-gnu/libc-2.24.so
7f85eea67000-7f85eec66000 ---p 001be000 08:01 2630112                    /lib/x86_64-linux-gnu/libc-2.24.so
7f85eec66000-7f85eec6a000 r--p 001bd000 08:01 2630112                    /lib/x86_64-linux-gnu/libc-2.24.so
7f85eec6a000-7f85eec6c000 rw-p 001c1000 08:01 2630112                    /lib/x86_64-linux-gnu/libc-2.24.so
7f85eec6c000-7f85eec70000 rw-p 00000000 00:00 0 
7f85eec70000-7f85eec7d000 r-xp 00000000 08:01 3017974                    /usr/lib/jvm/java-8-openjdk-amd64/jre/lib/amd64/jli/libjli.so
7f85eec7d000-7f85eee7d000 ---p 0000d000 08:01 3017974                    /usr/lib/jvm/java-8-openjdk-amd64/jre/lib/amd64/jli/libjli.so
7f85eee7d000-7f85eee7e000 r--p 0000d000 08:01 3017974                    /usr/lib/jvm/java-8-openjdk-amd64/jre/lib/amd64/jli/libjli.so
7f85eee7e000-7f85eee7f000 rw-p 0000e000 08:01 3017974                    /usr/lib/jvm/java-8-openjdk-amd64/jre/lib/amd64/jli/libjli.so
7f85eee7f000-7f85eeea5000 r-xp 00000000 08:01 2621529                    /lib/x86_64-linux-gnu/ld-2.24.so
7f85eeea5000-7f85eeea6000 r--s 00009000 08:01 399564                     /home/wdd/.vscode/extensions/redhat.java-0.15.0/server/plugins/org.eclipse.core.net.linux.x86_64_1.2.0.v20160323-1650.jar
7f85eeea6000-7f85eeea9000 r--s 00015000 08:01 3018061                    /usr/lib/jvm/java-8-openjdk-amd64/jre/lib/jce.jar
7f85eeea9000-7f85eeeae000 r--s 0009a000 08:01 3018063                    /usr/lib/jvm/java-8-openjdk-amd64/jre/lib/jsse.jar
7f85eeeae000-7f85eeeb0000 r--s 0000c000 08:01 399575                     /home/wdd/.vscode/extensions/redhat.java-0.15.0/server/plugins/org.eclipse.equinox.launcher_1.4.0.v20161219-1356.jar
7f85eeeb0000-7f85eeeb2000 r--s 00008000 08:01 3018048                    /usr/lib/jvm/java-8-openjdk-amd64/jre/lib/ext/sunec.jar
7f85eeeb2000-7f85eeeb4000 r--s 00001000 08:01 3018042                    /usr/lib/jvm/java-8-openjdk-amd64/jre/lib/ext/dnsns.jar
7f85eeeb4000-7f85eeeb8000 r--s 00037000 08:01 3018050                    /usr/lib/jvm/java-8-openjdk-amd64/jre/lib/ext/sunpkcs11.jar
7f85eeeb8000-7f85eeeba000 r--s 00007000 08:01 3407890                    /usr/share/java/java-atk-wrapper.jar
7f85eeeba000-7f85eeec4000 r--s 00116000 08:01 3018046                    /usr/lib/jvm/java-8-openjdk-amd64/jre/lib/ext/localedata.jar
7f85eeec4000-7f85eef87000 rw-p 00000000 00:00 0 
7f85eef87000-7f85eef8a000 ---p 00000000 00:00 0 
7f85eef8a000-7f85ef08c000 rw-p 00000000 00:00 0 
7f85ef08c000-7f85ef08d000 r--s 00010000 08:01 3018051                    /usr/lib/jvm/java-8-openjdk-amd64/jre/lib/ext/zipfs.jar
7f85ef08d000-7f85ef08e000 r--s 0000a000 08:01 3018045                    /usr/lib/jvm/java-8-openjdk-amd64/jre/lib/ext/jaccess.jar
7f85ef08e000-7f85ef091000 r--s 0000f000 08:01 3018044                    /usr/lib/jvm/java-8-openjdk-amd64/jre/lib/ext/icedtea-sound.jar
7f85ef091000-7f85ef097000 r--s 0003a000 08:01 3018049                    /usr/lib/jvm/java-8-openjdk-amd64/jre/lib/ext/sunjce_provider.jar
7f85ef097000-7f85ef09f000 rw-s 00000000 08:01 2490493                    /tmp/hsperfdata_wdd/11728
7f85ef09f000-7f85ef0a0000 rw-p 00000000 00:00 0 
7f85ef0a0000-7f85ef0a1000 ---p 00000000 00:00 0 
7f85ef0a1000-7f85ef0a4000 rw-p 00000000 00:00 0 
7f85ef0a4000-7f85ef0a5000 r--p 00025000 08:01 2621529                    /lib/x86_64-linux-gnu/ld-2.24.so
7f85ef0a5000-7f85ef0a6000 rw-p 00026000 08:01 2621529                    /lib/x86_64-linux-gnu/ld-2.24.so
7f85ef0a6000-7f85ef0a7000 rw-p 00000000 00:00 0 
7ffcf5727000-7ffcf5749000 rw-p 00000000 00:00 0                          [stack]
7ffcf57cc000-7ffcf57ce000 r--p 00000000 00:00 0                          [vvar]
7ffcf57ce000-7ffcf57d0000 r-xp 00000000 00:00 0                          [vdso]
ffffffffff600000-ffffffffff601000 r-xp 00000000 00:00 0                  [vsyscall]

VM Arguments:
jvm_args: -Declipse.application=org.eclipse.jdt.ls.core.id1 -Dosgi.bundles.defaultStartLevel=4 -Declipse.product=org.eclipse.jdt.ls.core.product -Xverify:none -Xmx1G -XX:+UseG1GC -XX:+UseStringDeduplication 
java_command: /home/wdd/.vscode/extensions/redhat.java-0.15.0/server/plugins/org.eclipse.equinox.launcher_1.4.0.v20161219-1356.jar -configuration /home/wdd/.vscode/extensions/redhat.java-0.15.0/server/config_linux -data /home/wdd/.config/Code/User/workspaceStorage/e401dbb45713e72b3e2073e316bafdbe/redhat.java/jdt_ws
java_class_path (initial): /home/wdd/.vscode/extensions/redhat.java-0.15.0/server/plugins/org.eclipse.equinox.launcher_1.4.0.v20161219-1356.jar
Launcher Type: SUN_STANDARD

Environment Variables:
PATH=/usr/local/sbin:/usr/local/bin:/usr/sbin:/usr/bin:/sbin:/bin:/usr/games:/usr/local/games:/snap/bin
SHELL=/bin/bash
DISPLAY=:0.0

Signal Handlers:
SIGSEGV: [libjvm.so+0xa6be90], sa_mask[0]=11111111011111111101111111111110, sa_flags=SA_RESTART|SA_SIGINFO
SIGBUS: [libjvm.so+0xa6be90], sa_mask[0]=11111111011111111101111111111110, sa_flags=SA_RESTART|SA_SIGINFO
SIGFPE: [libjvm.so+0x8b63b0], sa_mask[0]=11111111011111111101111111111110, sa_flags=SA_RESTART|SA_SIGINFO
SIGPIPE: [libjvm.so+0x8b63b0], sa_mask[0]=11111111011111111101111111111110, sa_flags=SA_RESTART|SA_SIGINFO
SIGXFSZ: [libjvm.so+0x8b63b0], sa_mask[0]=11111111011111111101111111111110, sa_flags=SA_RESTART|SA_SIGINFO
SIGILL: [libjvm.so+0x8b63b0], sa_mask[0]=11111111011111111101111111111110, sa_flags=SA_RESTART|SA_SIGINFO
SIGUSR1: SIG_DFL, sa_mask[0]=00000000000000000000000000000000, sa_flags=none
SIGUSR2: [libjvm.so+0x8b6260], sa_mask[0]=00000000000000000000000000000000, sa_flags=SA_RESTART|SA_SIGINFO
SIGHUP: [libjvm.so+0x8b6710], sa_mask[0]=11111111011111111101111111111110, sa_flags=SA_RESTART|SA_SIGINFO
SIGINT: SIG_IGN, sa_mask[0]=00000000000000000000000000000000, sa_flags=none
SIGTERM: [libjvm.so+0x8b6710], sa_mask[0]=11111111011111111101111111111110, sa_flags=SA_RESTART|SA_SIGINFO
SIGQUIT: [libjvm.so+0x8b6710], sa_mask[0]=11111111011111111101111111111110, sa_flags=SA_RESTART|SA_SIGINFO


---------------  S Y S T E M  ---------------

OS:DISTRIB_ID=Ubuntu
DISTRIB_RELEASE=17.04
DISTRIB_CODENAME=zesty
DISTRIB_DESCRIPTION="Ubuntu 17.04"

uname:Linux 4.10.0-38-generic #42-Ubuntu SMP Tue Oct 10 13:24:27 UTC 2017 x86_64
libc:glibc 2.24 NPTL 2.24 
rlimit: STACK 8192k, CORE 0k, NPROC 7994, NOFILE 1048576, AS infinity
load average:0.88 0.35 0.36

/proc/meminfo:
MemTotal:        2092892 kB
MemFree:           70368 kB
MemAvailable:      25292 kB
Buffers:             816 kB
Cached:           132900 kB
SwapCached:        32172 kB
Active:          1389512 kB
Inactive:         473864 kB
Active(anon):    1371532 kB
Inactive(anon):   457196 kB
Active(file):      17980 kB
Inactive(file):    16668 kB
Unevictable:          32 kB
Mlocked:              32 kB
SwapTotal:       2097168 kB
SwapFree:          48024 kB
Dirty:               768 kB
Writeback:         11284 kB
AnonPages:       1698720 kB
Mapped:           122784 kB
Shmem:             99048 kB
Slab:              56940 kB
SReclaimable:      26208 kB
SUnreclaim:        30732 kB
KernelStack:       11264 kB
PageTables:        46468 kB
NFS_Unstable:          0 kB
Bounce:                0 kB
WritebackTmp:          0 kB
CommitLimit:     3143612 kB
Committed_AS:    9525104 kB
VmallocTotal:   34359738367 kB
VmallocUsed:           0 kB
VmallocChunk:          0 kB
HardwareCorrupted:     0 kB
AnonHugePages:    249856 kB
ShmemHugePages:        0 kB
ShmemPmdMapped:        0 kB
CmaTotal:              0 kB
CmaFree:               0 kB
HugePages_Total:       0
HugePages_Free:        0
HugePages_Rsvd:        0
HugePages_Surp:        0
Hugepagesize:       2048 kB
DirectMap4k:      122816 kB
DirectMap2M:     2023424 kB


CPU:total 2 (initial active 2) (2 cores per cpu, 1 threads per core) family 6 model 42 stepping 7, cmov, cx8, fxsr, mmx, sse, sse2, sse3, ssse3, sse4.1, sse4.2, popcnt, avx, aes, clmul, tsc, tscinvbit

/proc/cpuinfo:
processor	: 0
vendor_id	: GenuineIntel
cpu family	: 6
model		: 42
model name	: Intel(R) Core(TM) i7-2670QM CPU @ 2.20GHz
stepping	: 7
cpu MHz		: 2192.880
cache size	: 6144 KB
physical id	: 0
siblings	: 2
core id		: 0
cpu cores	: 2
apicid		: 0
initial apicid	: 0
fpu		: yes
fpu_exception	: yes
cpuid level	: 13
wp		: yes
flags		: fpu vme de pse tsc msr pae mce cx8 apic sep mtrr pge mca cmov pat pse36 clflush mmx fxsr sse sse2 ht syscall nx rdtscp lm constant_tsc rep_good nopl xtopology nonstop_tsc pni pclmulqdq ssse3 cx16 sse4_1 sse4_2 x2apic popcnt aes xsave avx hypervisor lahf_lm
bugs		:
bogomips	: 4385.76
clflush size	: 64
cache_alignment	: 64
address sizes	: 36 bits physical, 48 bits virtual
power management:

processor	: 1
vendor_id	: GenuineIntel
cpu family	: 6
model		: 42
model name	: Intel(R) Core(TM) i7-2670QM CPU @ 2.20GHz
stepping	: 7
cpu MHz		: 2192.880
cache size	: 6144 KB
physical id	: 0
siblings	: 2
core id		: 1
cpu cores	: 2
apicid		: 1
initial apicid	: 1
fpu		: yes
fpu_exception	: yes
cpuid level	: 13
wp		: yes
flags		: fpu vme de pse tsc msr pae mce cx8 apic sep mtrr pge mca cmov pat pse36 clflush mmx fxsr sse sse2 ht syscall nx rdtscp lm constant_tsc rep_good nopl xtopology nonstop_tsc pni pclmulqdq ssse3 cx16 sse4_1 sse4_2 x2apic popcnt aes xsave avx hypervisor lahf_lm
bugs		:
bogomips	: 4385.76
clflush size	: 64
cache_alignment	: 64
address sizes	: 36 bits physical, 48 bits virtual
power management:



Memory: 4k page, physical 2092892k(70120k free), swap 2097168k(48024k free)

vm_info: OpenJDK 64-Bit Server VM (25.151-b12) for linux-amd64 JRE (1.8.0_151-8u151-b12-0ubuntu0.17.04.2-b12), built on Oct 26 2017 19:48:24 by "buildd" with gcc 6.3.0 20170406

time: Fri Dec  1 08:05:57 2017
elapsed time: 12 seconds (0d 0h 0m 12s)

