2017-12-01 08:10:58,621 [INFO] from play.api.http.EnabledFilters in play-dev-mode-akka.actor.default-dispatcher-3 - Enabled Filters (see <https://www.playframework.com/documentation/latest/Filters>):

    play.filters.csrf.CSRFFilter
    play.filters.headers.SecurityHeadersFilter
    play.filters.hosts.AllowedHostsFilter

2017-12-01 08:10:58,779 [INFO] from play.api.Play in play-dev-mode-akka.actor.default-dispatcher-3 - Application started (Dev)
2017-12-01 08:10:59,195 [WARN] from play.api.mvc.DefaultJWTCookieDataCodec in play-dev-mode-akka.actor.default-dispatcher-3 - decode: cookie has invalid signature! message = JWT signature does not match locally computed signature. JWT validity cannot be asserted and should not be trusted.
2017-12-01 08:10:59,213 [INFO] from play.api.mvc.DefaultJWTCookieDataCodec in play-dev-mode-akka.actor.default-dispatcher-3 - The JWT signature in the cookie does not match the locally computed signature with the server.
This usually indicates the browser has a leftover cookie from another Play application,
so clearing cookies may resolve this error message.
2017-12-01 08:11:26,877 [WARN] from play.api.mvc.DefaultJWTCookieDataCodec in play-dev-mode-akka.actor.default-dispatcher-3 - decode: cookie has invalid signature! message = JWT signature does not match locally computed signature. JWT validity cannot be asserted and should not be trusted.
2017-12-01 08:11:26,878 [INFO] from play.api.mvc.DefaultJWTCookieDataCodec in play-dev-mode-akka.actor.default-dispatcher-3 - The JWT signature in the cookie does not match the locally computed signature with the server.
This usually indicates the browser has a leftover cookie from another Play application,
so clearing cookies may resolve this error message.
2017-12-01 08:11:27,522 [WARN] from play.api.mvc.DefaultJWTCookieDataCodec in play-dev-mode-akka.actor.default-dispatcher-4 - decode: cookie has invalid signature! message = JWT signature does not match locally computed signature. JWT validity cannot be asserted and should not be trusted.
2017-12-01 08:11:27,523 [INFO] from play.api.mvc.DefaultJWTCookieDataCodec in play-dev-mode-akka.actor.default-dispatcher-4 - The JWT signature in the cookie does not match the locally computed signature with the server.
This usually indicates the browser has a leftover cookie from another Play application,
so clearing cookies may resolve this error message.
2017-12-01 08:11:27,524 [WARN] from play.api.mvc.DefaultJWTCookieDataCodec in play-dev-mode-akka.actor.default-dispatcher-2 - decode: cookie has invalid signature! message = JWT signature does not match locally computed signature. JWT validity cannot be asserted and should not be trusted.
2017-12-01 08:11:27,524 [INFO] from play.api.mvc.DefaultJWTCookieDataCodec in play-dev-mode-akka.actor.default-dispatcher-2 - The JWT signature in the cookie does not match the locally computed signature with the server.
This usually indicates the browser has a leftover cookie from another Play application,
so clearing cookies may resolve this error message.
2017-12-01 08:13:46,117 [ERROR] from application in play-dev-mode-akka.actor.default-dispatcher-14 - 

! @766njf0gc - Internal server error, for (GET) [/] ->
 
play.sbt.PlayExceptions$CompilationException: Compilation error[value about is not a member of controllers.HomeController]
	at play.sbt.PlayExceptions$CompilationException$.apply(PlayExceptions.scala:34)
	at play.sbt.PlayExceptions$CompilationException$.apply(PlayExceptions.scala:34)
	at scala.Option.map(Option.scala:146)
	at play.sbt.run.PlayReload$.$anonfun$taskFailureHandler$1(PlayReload.scala:33)
	at scala.Option.map(Option.scala:146)
	at play.sbt.run.PlayReload$.taskFailureHandler(PlayReload.scala:28)
	at play.sbt.run.PlayReload$.compileFailure(PlayReload.scala:24)
	at play.sbt.run.PlayReload$.$anonfun$compile$3(PlayReload.scala:51)
	at scala.util.Either$LeftProjection.map(Either.scala:573)
	at play.sbt.run.PlayReload$.compile(PlayReload.scala:51)
	at play.sbt.run.PlayRun$.$anonfun$playRunTask$4(PlayRun.scala:75)
	at play.runsupport.Reloader.$anonfun$reload$1(Reloader.scala:413)
	at play.runsupport.Reloader$$anon$5.run(Reloader.scala:51)
	at java.security.AccessController.doPrivileged(Native Method)
	at play.runsupport.Reloader$.play$runsupport$Reloader$$withReloaderContextClassLoader(Reloader.scala:56)
	at play.runsupport.Reloader.reload(Reloader.scala:413)
	at play.core.server.DevServerStart$$anon$1.get(DevServerStart.scala:123)
	at play.core.server.Server.getHandlerFor(Server.scala:63)
	at play.core.server.Server.getHandlerFor$(Server.scala:48)
	at play.core.server.AkkaHttpServer.getHandlerFor(AkkaHttpServer.scala:41)
	at play.core.server.AkkaHttpServer.getHandler(AkkaHttpServer.scala:214)
	at play.core.server.AkkaHttpServer.handleRequest(AkkaHttpServer.scala:194)
	at play.core.server.AkkaHttpServer.$anonfun$createServerBinding$3(AkkaHttpServer.scala:106)
	at akka.stream.impl.fusing.MapAsync$$anon$23.onPush(Ops.scala:1172)
	at akka.stream.impl.fusing.GraphInterpreter.processPush(GraphInterpreter.scala:499)
	at akka.stream.impl.fusing.GraphInterpreter.processEvent(GraphInterpreter.scala:462)
	at akka.stream.impl.fusing.GraphInterpreter.execute(GraphInterpreter.scala:368)
	at akka.stream.impl.fusing.GraphInterpreterShell.runBatch(ActorGraphInterpreter.scala:571)
	at akka.stream.impl.fusing.GraphInterpreterShell$AsyncInput.execute(ActorGraphInterpreter.scala:457)
	at akka.stream.impl.fusing.GraphInterpreterShell.processEvent(ActorGraphInterpreter.scala:546)
	at akka.stream.impl.fusing.ActorGraphInterpreter.akka$stream$impl$fusing$ActorGraphInterpreter$$processEvent(ActorGraphInterpreter.scala:728)
	at akka.stream.impl.fusing.ActorGraphInterpreter$$anonfun$receive$1.applyOrElse(ActorGraphInterpreter.scala:743)
	at akka.actor.Actor.aroundReceive(Actor.scala:517)
	at akka.actor.Actor.aroundReceive$(Actor.scala:515)
	at akka.stream.impl.fusing.ActorGraphInterpreter.aroundReceive(ActorGraphInterpreter.scala:653)
	at akka.actor.ActorCell.receiveMessage(ActorCell.scala:527)
	at akka.actor.ActorCell.invoke(ActorCell.scala:496)
	at akka.dispatch.Mailbox.processMailbox(Mailbox.scala:257)
	at akka.dispatch.Mailbox.run(Mailbox.scala:224)
	at akka.dispatch.Mailbox.exec(Mailbox.scala:234)
	at akka.dispatch.forkjoin.ForkJoinTask.doExec(ForkJoinTask.java:260)
	at akka.dispatch.forkjoin.ForkJoinPool$WorkQueue.runTask(ForkJoinPool.java:1339)
	at akka.dispatch.forkjoin.ForkJoinPool.runWorker(ForkJoinPool.java:1979)
	at akka.dispatch.forkjoin.ForkJoinWorkerThread.run(ForkJoinWorkerThread.java:107)
2017-12-01 08:14:54,401 [ERROR] from application in play-dev-mode-akka.actor.default-dispatcher-13 - 

! @766njinl3 - Internal server error, for (GET) [/] ->
 
play.sbt.PlayExceptions$CompilationException: Compilation error[cannot find symbol
  symbol:   variable about
  location: class controllers.Application]
	at play.sbt.PlayExceptions$CompilationException$.apply(PlayExceptions.scala:34)
	at play.sbt.PlayExceptions$CompilationException$.apply(PlayExceptions.scala:34)
	at scala.Option.map(Option.scala:146)
	at play.sbt.run.PlayReload$.$anonfun$taskFailureHandler$1(PlayReload.scala:33)
	at scala.Option.map(Option.scala:146)
	at play.sbt.run.PlayReload$.taskFailureHandler(PlayReload.scala:28)
	at play.sbt.run.PlayReload$.compileFailure(PlayReload.scala:24)
	at play.sbt.run.PlayReload$.$anonfun$compile$3(PlayReload.scala:51)
	at scala.util.Either$LeftProjection.map(Either.scala:573)
	at play.sbt.run.PlayReload$.compile(PlayReload.scala:51)
	at play.sbt.run.PlayRun$.$anonfun$playRunTask$4(PlayRun.scala:75)
	at play.runsupport.Reloader.$anonfun$reload$1(Reloader.scala:413)
	at play.runsupport.Reloader$$anon$5.run(Reloader.scala:51)
	at java.security.AccessController.doPrivileged(Native Method)
	at play.runsupport.Reloader$.play$runsupport$Reloader$$withReloaderContextClassLoader(Reloader.scala:56)
	at play.runsupport.Reloader.reload(Reloader.scala:413)
	at play.core.server.DevServerStart$$anon$1.get(DevServerStart.scala:123)
	at play.core.server.Server.getHandlerFor(Server.scala:63)
	at play.core.server.Server.getHandlerFor$(Server.scala:48)
	at play.core.server.AkkaHttpServer.getHandlerFor(AkkaHttpServer.scala:41)
	at play.core.server.AkkaHttpServer.getHandler(AkkaHttpServer.scala:214)
	at play.core.server.AkkaHttpServer.handleRequest(AkkaHttpServer.scala:194)
	at play.core.server.AkkaHttpServer.$anonfun$createServerBinding$3(AkkaHttpServer.scala:106)
	at akka.stream.impl.fusing.MapAsync$$anon$23.onPush(Ops.scala:1172)
	at akka.stream.impl.fusing.GraphInterpreter.processPush(GraphInterpreter.scala:499)
	at akka.stream.impl.fusing.GraphInterpreter.processEvent(GraphInterpreter.scala:462)
	at akka.stream.impl.fusing.GraphInterpreter.execute(GraphInterpreter.scala:368)
	at akka.stream.impl.fusing.GraphInterpreterShell.runBatch(ActorGraphInterpreter.scala:571)
	at akka.stream.impl.fusing.GraphInterpreterShell$AsyncInput.execute(ActorGraphInterpreter.scala:457)
	at akka.stream.impl.fusing.GraphInterpreterShell.processEvent(ActorGraphInterpreter.scala:546)
	at akka.stream.impl.fusing.ActorGraphInterpreter.akka$stream$impl$fusing$ActorGraphInterpreter$$processEvent(ActorGraphInterpreter.scala:728)
	at akka.stream.impl.fusing.ActorGraphInterpreter$$anonfun$receive$1.applyOrElse(ActorGraphInterpreter.scala:743)
	at akka.actor.Actor.aroundReceive(Actor.scala:517)
	at akka.actor.Actor.aroundReceive$(Actor.scala:515)
	at akka.stream.impl.fusing.ActorGraphInterpreter.aroundReceive(ActorGraphInterpreter.scala:653)
	at akka.actor.ActorCell.receiveMessage(ActorCell.scala:527)
	at akka.actor.ActorCell.invoke(ActorCell.scala:496)
	at akka.dispatch.Mailbox.processMailbox(Mailbox.scala:257)
	at akka.dispatch.Mailbox.run(Mailbox.scala:224)
	at akka.dispatch.Mailbox.exec(Mailbox.scala:234)
	at akka.dispatch.forkjoin.ForkJoinTask.doExec(ForkJoinTask.java:260)
	at akka.dispatch.forkjoin.ForkJoinPool$WorkQueue.runTask(ForkJoinPool.java:1339)
	at akka.dispatch.forkjoin.ForkJoinPool.runWorker(ForkJoinPool.java:1979)
	at akka.dispatch.forkjoin.ForkJoinWorkerThread.run(ForkJoinWorkerThread.java:107)
2017-12-01 08:20:24,927 [INFO] from play.api.http.EnabledFilters in play-dev-mode-akka.actor.default-dispatcher-17 - Enabled Filters (see <https://www.playframework.com/documentation/latest/Filters>):

    play.filters.csrf.CSRFFilter
    play.filters.headers.SecurityHeadersFilter
    play.filters.hosts.AllowedHostsFilter

2017-12-01 08:20:24,972 [INFO] from play.api.Play in play-dev-mode-akka.actor.default-dispatcher-17 - Application started (Dev)
2017-12-01 08:23:06,721 [INFO] from play.api.http.EnabledFilters in play-dev-mode-akka.actor.default-dispatcher-27 - Enabled Filters (see <https://www.playframework.com/documentation/latest/Filters>):

    play.filters.csrf.CSRFFilter
    play.filters.headers.SecurityHeadersFilter
    play.filters.hosts.AllowedHostsFilter

2017-12-01 08:23:06,756 [INFO] from play.api.Play in play-dev-mode-akka.actor.default-dispatcher-27 - Application started (Dev)
2017-12-01 08:27:08,333 [INFO] from play.api.http.EnabledFilters in play-dev-mode-akka.actor.default-dispatcher-34 - Enabled Filters (see <https://www.playframework.com/documentation/latest/Filters>):

    play.filters.csrf.CSRFFilter
    play.filters.headers.SecurityHeadersFilter
    play.filters.hosts.AllowedHostsFilter

2017-12-01 08:27:08,374 [INFO] from play.api.Play in play-dev-mode-akka.actor.default-dispatcher-34 - Application started (Dev)
2017-12-01 08:30:25,974 [INFO] from play.api.http.EnabledFilters in play-dev-mode-akka.actor.default-dispatcher-45 - Enabled Filters (see <https://www.playframework.com/documentation/latest/Filters>):

    play.filters.csrf.CSRFFilter
    play.filters.headers.SecurityHeadersFilter
    play.filters.hosts.AllowedHostsFilter

2017-12-01 08:30:25,986 [INFO] from play.api.Play in play-dev-mode-akka.actor.default-dispatcher-45 - Application started (Dev)
2017-12-01 08:31:15,494 [ERROR] from application in play-dev-mode-akka.actor.default-dispatcher-44 - 

! @766nlmj35 - Internal server error, for (GET) [/] ->
 
play.sbt.PlayExceptions$CompilationException: Compilation error[value services is not a member of controllers.ReverseApplication]
	at play.sbt.PlayExceptions$CompilationException$.apply(PlayExceptions.scala:34)
	at play.sbt.PlayExceptions$CompilationException$.apply(PlayExceptions.scala:34)
	at scala.Option.map(Option.scala:146)
	at play.sbt.run.PlayReload$.$anonfun$taskFailureHandler$1(PlayReload.scala:33)
	at scala.Option.map(Option.scala:146)
	at play.sbt.run.PlayReload$.taskFailureHandler(PlayReload.scala:28)
	at play.sbt.run.PlayReload$.compileFailure(PlayReload.scala:24)
	at play.sbt.run.PlayReload$.$anonfun$compile$3(PlayReload.scala:51)
	at scala.util.Either$LeftProjection.map(Either.scala:573)
	at play.sbt.run.PlayReload$.compile(PlayReload.scala:51)
	at play.sbt.run.PlayRun$.$anonfun$playRunTask$4(PlayRun.scala:75)
	at play.runsupport.Reloader.$anonfun$reload$1(Reloader.scala:413)
	at play.runsupport.Reloader$$anon$5.run(Reloader.scala:51)
	at java.security.AccessController.doPrivileged(Native Method)
	at play.runsupport.Reloader$.play$runsupport$Reloader$$withReloaderContextClassLoader(Reloader.scala:56)
	at play.runsupport.Reloader.reload(Reloader.scala:413)
	at play.core.server.DevServerStart$$anon$1.get(DevServerStart.scala:123)
	at play.core.server.Server.getHandlerFor(Server.scala:63)
	at play.core.server.Server.getHandlerFor$(Server.scala:48)
	at play.core.server.AkkaHttpServer.getHandlerFor(AkkaHttpServer.scala:41)
	at play.core.server.AkkaHttpServer.getHandler(AkkaHttpServer.scala:214)
	at play.core.server.AkkaHttpServer.handleRequest(AkkaHttpServer.scala:194)
	at play.core.server.AkkaHttpServer.$anonfun$createServerBinding$3(AkkaHttpServer.scala:106)
	at akka.stream.impl.fusing.MapAsync$$anon$23.onPush(Ops.scala:1172)
	at akka.stream.impl.fusing.GraphInterpreter.processPush(GraphInterpreter.scala:499)
	at akka.stream.impl.fusing.GraphInterpreter.processEvent(GraphInterpreter.scala:462)
	at akka.stream.impl.fusing.GraphInterpreter.execute(GraphInterpreter.scala:368)
	at akka.stream.impl.fusing.GraphInterpreterShell.runBatch(ActorGraphInterpreter.scala:571)
	at akka.stream.impl.fusing.GraphInterpreterShell$AsyncInput.execute(ActorGraphInterpreter.scala:457)
	at akka.stream.impl.fusing.GraphInterpreterShell.processEvent(ActorGraphInterpreter.scala:546)
	at akka.stream.impl.fusing.ActorGraphInterpreter.akka$stream$impl$fusing$ActorGraphInterpreter$$processEvent(ActorGraphInterpreter.scala:728)
	at akka.stream.impl.fusing.ActorGraphInterpreter$$anonfun$receive$1.applyOrElse(ActorGraphInterpreter.scala:743)
	at akka.actor.Actor.aroundReceive(Actor.scala:517)
	at akka.actor.Actor.aroundReceive$(Actor.scala:515)
	at akka.stream.impl.fusing.ActorGraphInterpreter.aroundReceive(ActorGraphInterpreter.scala:653)
	at akka.actor.ActorCell.receiveMessage(ActorCell.scala:527)
	at akka.actor.ActorCell.invoke(ActorCell.scala:496)
	at akka.dispatch.Mailbox.processMailbox(Mailbox.scala:257)
	at akka.dispatch.Mailbox.run(Mailbox.scala:224)
	at akka.dispatch.Mailbox.exec(Mailbox.scala:234)
	at akka.dispatch.forkjoin.ForkJoinTask.doExec(ForkJoinTask.java:260)
	at akka.dispatch.forkjoin.ForkJoinPool$WorkQueue.runTask(ForkJoinPool.java:1339)
	at akka.dispatch.forkjoin.ForkJoinPool.runWorker(ForkJoinPool.java:1979)
	at akka.dispatch.forkjoin.ForkJoinWorkerThread.run(ForkJoinWorkerThread.java:107)
2017-12-01 08:36:04,435 [ERROR] from application in play-dev-mode-akka.actor.default-dispatcher-55 - 

! @766nmd4eg - Internal server error, for (GET) [/] ->
 
play.sbt.PlayExceptions$CompilationException: Compilation error[value clients is not a member of controllers.ReverseApplication]
	at play.sbt.PlayExceptions$CompilationException$.apply(PlayExceptions.scala:34)
	at play.sbt.PlayExceptions$CompilationException$.apply(PlayExceptions.scala:34)
	at scala.Option.map(Option.scala:146)
	at play.sbt.run.PlayReload$.$anonfun$taskFailureHandler$1(PlayReload.scala:33)
	at scala.Option.map(Option.scala:146)
	at play.sbt.run.PlayReload$.taskFailureHandler(PlayReload.scala:28)
	at play.sbt.run.PlayReload$.compileFailure(PlayReload.scala:24)
	at play.sbt.run.PlayReload$.$anonfun$compile$3(PlayReload.scala:51)
	at scala.util.Either$LeftProjection.map(Either.scala:573)
	at play.sbt.run.PlayReload$.compile(PlayReload.scala:51)
	at play.sbt.run.PlayRun$.$anonfun$playRunTask$4(PlayRun.scala:75)
	at play.runsupport.Reloader.$anonfun$reload$1(Reloader.scala:413)
	at play.runsupport.Reloader$$anon$5.run(Reloader.scala:51)
	at java.security.AccessController.doPrivileged(Native Method)
	at play.runsupport.Reloader$.play$runsupport$Reloader$$withReloaderContextClassLoader(Reloader.scala:56)
	at play.runsupport.Reloader.reload(Reloader.scala:413)
	at play.core.server.DevServerStart$$anon$1.get(DevServerStart.scala:123)
	at play.core.server.Server.getHandlerFor(Server.scala:63)
	at play.core.server.Server.getHandlerFor$(Server.scala:48)
	at play.core.server.AkkaHttpServer.getHandlerFor(AkkaHttpServer.scala:41)
	at play.core.server.AkkaHttpServer.getHandler(AkkaHttpServer.scala:214)
	at play.core.server.AkkaHttpServer.handleRequest(AkkaHttpServer.scala:194)
	at play.core.server.AkkaHttpServer.$anonfun$createServerBinding$3(AkkaHttpServer.scala:106)
	at akka.stream.impl.fusing.MapAsync$$anon$23.onPush(Ops.scala:1172)
	at akka.stream.impl.fusing.GraphInterpreter.processPush(GraphInterpreter.scala:499)
	at akka.stream.impl.fusing.GraphInterpreter.processEvent(GraphInterpreter.scala:462)
	at akka.stream.impl.fusing.GraphInterpreter.execute(GraphInterpreter.scala:368)
	at akka.stream.impl.fusing.GraphInterpreterShell.runBatch(ActorGraphInterpreter.scala:571)
	at akka.stream.impl.fusing.GraphInterpreterShell$AsyncInput.execute(ActorGraphInterpreter.scala:457)
	at akka.stream.impl.fusing.GraphInterpreterShell.processEvent(ActorGraphInterpreter.scala:546)
	at akka.stream.impl.fusing.ActorGraphInterpreter.akka$stream$impl$fusing$ActorGraphInterpreter$$processEvent(ActorGraphInterpreter.scala:728)
	at akka.stream.impl.fusing.ActorGraphInterpreter$$anonfun$receive$1.applyOrElse(ActorGraphInterpreter.scala:743)
	at akka.actor.Actor.aroundReceive(Actor.scala:517)
	at akka.actor.Actor.aroundReceive$(Actor.scala:515)
	at akka.stream.impl.fusing.ActorGraphInterpreter.aroundReceive(ActorGraphInterpreter.scala:653)
	at akka.actor.ActorCell.receiveMessage(ActorCell.scala:527)
	at akka.actor.ActorCell.invoke(ActorCell.scala:496)
	at akka.dispatch.Mailbox.processMailbox(Mailbox.scala:257)
	at akka.dispatch.Mailbox.run(Mailbox.scala:224)
	at akka.dispatch.Mailbox.exec(Mailbox.scala:234)
	at akka.dispatch.forkjoin.ForkJoinTask.doExec(ForkJoinTask.java:260)
	at akka.dispatch.forkjoin.ForkJoinPool$WorkQueue.runTask(ForkJoinPool.java:1339)
	at akka.dispatch.forkjoin.ForkJoinPool.runWorker(ForkJoinPool.java:1979)
	at akka.dispatch.forkjoin.ForkJoinWorkerThread.run(ForkJoinWorkerThread.java:107)
2017-12-01 08:36:49,143 [ERROR] from application in play-dev-mode-akka.actor.default-dispatcher-59 - 

! @766nmfihn - Internal server error, for (GET) [/] ->
 
play.sbt.PlayExceptions$CompilationException: Compilation error[value client is not a member of controllers.Application]
	at play.sbt.PlayExceptions$CompilationException$.apply(PlayExceptions.scala:34)
	at play.sbt.PlayExceptions$CompilationException$.apply(PlayExceptions.scala:34)
	at scala.Option.map(Option.scala:146)
	at play.sbt.run.PlayReload$.$anonfun$taskFailureHandler$1(PlayReload.scala:33)
	at scala.Option.map(Option.scala:146)
	at play.sbt.run.PlayReload$.taskFailureHandler(PlayReload.scala:28)
	at play.sbt.run.PlayReload$.compileFailure(PlayReload.scala:24)
	at play.sbt.run.PlayReload$.$anonfun$compile$3(PlayReload.scala:51)
	at scala.util.Either$LeftProjection.map(Either.scala:573)
	at play.sbt.run.PlayReload$.compile(PlayReload.scala:51)
	at play.sbt.run.PlayRun$.$anonfun$playRunTask$4(PlayRun.scala:75)
	at play.runsupport.Reloader.$anonfun$reload$1(Reloader.scala:413)
	at play.runsupport.Reloader$$anon$5.run(Reloader.scala:51)
	at java.security.AccessController.doPrivileged(Native Method)
	at play.runsupport.Reloader$.play$runsupport$Reloader$$withReloaderContextClassLoader(Reloader.scala:56)
	at play.runsupport.Reloader.reload(Reloader.scala:413)
	at play.core.server.DevServerStart$$anon$1.get(DevServerStart.scala:123)
	at play.core.server.Server.getHandlerFor(Server.scala:63)
	at play.core.server.Server.getHandlerFor$(Server.scala:48)
	at play.core.server.AkkaHttpServer.getHandlerFor(AkkaHttpServer.scala:41)
	at play.core.server.AkkaHttpServer.getHandler(AkkaHttpServer.scala:214)
	at play.core.server.AkkaHttpServer.handleRequest(AkkaHttpServer.scala:194)
	at play.core.server.AkkaHttpServer.$anonfun$createServerBinding$3(AkkaHttpServer.scala:106)
	at akka.stream.impl.fusing.MapAsync$$anon$23.onPush(Ops.scala:1172)
	at akka.stream.impl.fusing.GraphInterpreter.processPush(GraphInterpreter.scala:499)
	at akka.stream.impl.fusing.GraphInterpreter.processEvent(GraphInterpreter.scala:462)
	at akka.stream.impl.fusing.GraphInterpreter.execute(GraphInterpreter.scala:368)
	at akka.stream.impl.fusing.GraphInterpreterShell.runBatch(ActorGraphInterpreter.scala:571)
	at akka.stream.impl.fusing.GraphInterpreterShell$AsyncInput.execute(ActorGraphInterpreter.scala:457)
	at akka.stream.impl.fusing.GraphInterpreterShell.processEvent(ActorGraphInterpreter.scala:546)
	at akka.stream.impl.fusing.ActorGraphInterpreter.akka$stream$impl$fusing$ActorGraphInterpreter$$processEvent(ActorGraphInterpreter.scala:728)
	at akka.stream.impl.fusing.ActorGraphInterpreter$$anonfun$receive$1.applyOrElse(ActorGraphInterpreter.scala:743)
	at akka.actor.Actor.aroundReceive(Actor.scala:517)
	at akka.actor.Actor.aroundReceive$(Actor.scala:515)
	at akka.stream.impl.fusing.ActorGraphInterpreter.aroundReceive(ActorGraphInterpreter.scala:653)
	at akka.actor.ActorCell.receiveMessage(ActorCell.scala:527)
	at akka.actor.ActorCell.invoke(ActorCell.scala:496)
	at akka.dispatch.Mailbox.processMailbox(Mailbox.scala:257)
	at akka.dispatch.Mailbox.run(Mailbox.scala:224)
	at akka.dispatch.Mailbox.exec(Mailbox.scala:234)
	at akka.dispatch.forkjoin.ForkJoinTask.doExec(ForkJoinTask.java:260)
	at akka.dispatch.forkjoin.ForkJoinPool$WorkQueue.runTask(ForkJoinPool.java:1339)
	at akka.dispatch.forkjoin.ForkJoinPool.runWorker(ForkJoinPool.java:1979)
	at akka.dispatch.forkjoin.ForkJoinWorkerThread.run(ForkJoinWorkerThread.java:107)
2017-12-01 08:37:13,000 [ERROR] from application in play-dev-mode-akka.actor.default-dispatcher-57 - 

! @766nmh1pi - Internal server error, for (GET) [/] ->
 
play.sbt.PlayExceptions$CompilationException: Compilation error[value client is not a member of controllers.Application]
	at play.sbt.PlayExceptions$CompilationException$.apply(PlayExceptions.scala:34)
	at play.sbt.PlayExceptions$CompilationException$.apply(PlayExceptions.scala:34)
	at scala.Option.map(Option.scala:146)
	at play.sbt.run.PlayReload$.$anonfun$taskFailureHandler$1(PlayReload.scala:33)
	at scala.Option.map(Option.scala:146)
	at play.sbt.run.PlayReload$.taskFailureHandler(PlayReload.scala:28)
	at play.sbt.run.PlayReload$.compileFailure(PlayReload.scala:24)
	at play.sbt.run.PlayReload$.$anonfun$compile$3(PlayReload.scala:51)
	at scala.util.Either$LeftProjection.map(Either.scala:573)
	at play.sbt.run.PlayReload$.compile(PlayReload.scala:51)
	at play.sbt.run.PlayRun$.$anonfun$playRunTask$4(PlayRun.scala:75)
	at play.runsupport.Reloader.$anonfun$reload$1(Reloader.scala:413)
	at play.runsupport.Reloader$$anon$5.run(Reloader.scala:51)
	at java.security.AccessController.doPrivileged(Native Method)
	at play.runsupport.Reloader$.play$runsupport$Reloader$$withReloaderContextClassLoader(Reloader.scala:56)
	at play.runsupport.Reloader.reload(Reloader.scala:413)
	at play.core.server.DevServerStart$$anon$1.get(DevServerStart.scala:123)
	at play.core.server.Server.getHandlerFor(Server.scala:63)
	at play.core.server.Server.getHandlerFor$(Server.scala:48)
	at play.core.server.AkkaHttpServer.getHandlerFor(AkkaHttpServer.scala:41)
	at play.core.server.AkkaHttpServer.getHandler(AkkaHttpServer.scala:214)
	at play.core.server.AkkaHttpServer.handleRequest(AkkaHttpServer.scala:194)
	at play.core.server.AkkaHttpServer.$anonfun$createServerBinding$3(AkkaHttpServer.scala:106)
	at akka.stream.impl.fusing.MapAsync$$anon$23.onPush(Ops.scala:1172)
	at akka.stream.impl.fusing.GraphInterpreter.processPush(GraphInterpreter.scala:499)
	at akka.stream.impl.fusing.GraphInterpreter.processEvent(GraphInterpreter.scala:462)
	at akka.stream.impl.fusing.GraphInterpreter.execute(GraphInterpreter.scala:368)
	at akka.stream.impl.fusing.GraphInterpreterShell.runBatch(ActorGraphInterpreter.scala:571)
	at akka.stream.impl.fusing.GraphInterpreterShell$AsyncInput.execute(ActorGraphInterpreter.scala:457)
	at akka.stream.impl.fusing.GraphInterpreterShell.processEvent(ActorGraphInterpreter.scala:546)
	at akka.stream.impl.fusing.ActorGraphInterpreter.akka$stream$impl$fusing$ActorGraphInterpreter$$processEvent(ActorGraphInterpreter.scala:728)
	at akka.stream.impl.fusing.ActorGraphInterpreter$$anonfun$receive$1.applyOrElse(ActorGraphInterpreter.scala:743)
	at akka.actor.Actor.aroundReceive(Actor.scala:517)
	at akka.actor.Actor.aroundReceive$(Actor.scala:515)
	at akka.stream.impl.fusing.ActorGraphInterpreter.aroundReceive(ActorGraphInterpreter.scala:653)
	at akka.actor.ActorCell.receiveMessage(ActorCell.scala:527)
	at akka.actor.ActorCell.invoke(ActorCell.scala:496)
	at akka.dispatch.Mailbox.processMailbox(Mailbox.scala:257)
	at akka.dispatch.Mailbox.run(Mailbox.scala:224)
	at akka.dispatch.Mailbox.exec(Mailbox.scala:234)
	at akka.dispatch.forkjoin.ForkJoinTask.doExec(ForkJoinTask.java:260)
	at akka.dispatch.forkjoin.ForkJoinPool$WorkQueue.runTask(ForkJoinPool.java:1339)
	at akka.dispatch.forkjoin.ForkJoinPool.runWorker(ForkJoinPool.java:1979)
	at akka.dispatch.forkjoin.ForkJoinWorkerThread.run(ForkJoinWorkerThread.java:107)
2017-12-01 08:39:04,731 [ERROR] from application in play-dev-mode-akka.actor.default-dispatcher-59 - 

! @766nmnb71 - Internal server error, for (GET) [/clients] ->
 
play.sbt.PlayExceptions$CompilationException: Compilation error[value contacts is not a member of controllers.Application]
	at play.sbt.PlayExceptions$CompilationException$.apply(PlayExceptions.scala:34)
	at play.sbt.PlayExceptions$CompilationException$.apply(PlayExceptions.scala:34)
	at scala.Option.map(Option.scala:146)
	at play.sbt.run.PlayReload$.$anonfun$taskFailureHandler$1(PlayReload.scala:33)
	at scala.Option.map(Option.scala:146)
	at play.sbt.run.PlayReload$.taskFailureHandler(PlayReload.scala:28)
	at play.sbt.run.PlayReload$.compileFailure(PlayReload.scala:24)
	at play.sbt.run.PlayReload$.$anonfun$compile$3(PlayReload.scala:51)
	at scala.util.Either$LeftProjection.map(Either.scala:573)
	at play.sbt.run.PlayReload$.compile(PlayReload.scala:51)
	at play.sbt.run.PlayRun$.$anonfun$playRunTask$4(PlayRun.scala:75)
	at play.runsupport.Reloader.$anonfun$reload$1(Reloader.scala:413)
	at play.runsupport.Reloader$$anon$5.run(Reloader.scala:51)
	at java.security.AccessController.doPrivileged(Native Method)
	at play.runsupport.Reloader$.play$runsupport$Reloader$$withReloaderContextClassLoader(Reloader.scala:56)
	at play.runsupport.Reloader.reload(Reloader.scala:413)
	at play.core.server.DevServerStart$$anon$1.get(DevServerStart.scala:123)
	at play.core.server.Server.getHandlerFor(Server.scala:63)
	at play.core.server.Server.getHandlerFor$(Server.scala:48)
	at play.core.server.AkkaHttpServer.getHandlerFor(AkkaHttpServer.scala:41)
	at play.core.server.AkkaHttpServer.getHandler(AkkaHttpServer.scala:214)
	at play.core.server.AkkaHttpServer.handleRequest(AkkaHttpServer.scala:194)
	at play.core.server.AkkaHttpServer.$anonfun$createServerBinding$3(AkkaHttpServer.scala:106)
	at akka.stream.impl.fusing.MapAsync$$anon$23.onPush(Ops.scala:1172)
	at akka.stream.impl.fusing.GraphInterpreter.processPush(GraphInterpreter.scala:499)
	at akka.stream.impl.fusing.GraphInterpreter.processEvent(GraphInterpreter.scala:462)
	at akka.stream.impl.fusing.GraphInterpreter.execute(GraphInterpreter.scala:368)
	at akka.stream.impl.fusing.GraphInterpreterShell.runBatch(ActorGraphInterpreter.scala:571)
	at akka.stream.impl.fusing.GraphInterpreterShell$AsyncInput.execute(ActorGraphInterpreter.scala:457)
	at akka.stream.impl.fusing.GraphInterpreterShell.processEvent(ActorGraphInterpreter.scala:546)
	at akka.stream.impl.fusing.ActorGraphInterpreter.akka$stream$impl$fusing$ActorGraphInterpreter$$processEvent(ActorGraphInterpreter.scala:728)
	at akka.stream.impl.fusing.ActorGraphInterpreter$$anonfun$receive$1.applyOrElse(ActorGraphInterpreter.scala:743)
	at akka.actor.Actor.aroundReceive(Actor.scala:517)
	at akka.actor.Actor.aroundReceive$(Actor.scala:515)
	at akka.stream.impl.fusing.ActorGraphInterpreter.aroundReceive(ActorGraphInterpreter.scala:653)
	at akka.actor.ActorCell.receiveMessage(ActorCell.scala:527)
	at akka.actor.ActorCell.invoke(ActorCell.scala:496)
	at akka.dispatch.Mailbox.processMailbox(Mailbox.scala:257)
	at akka.dispatch.Mailbox.run(Mailbox.scala:224)
	at akka.dispatch.Mailbox.exec(Mailbox.scala:234)
	at akka.dispatch.forkjoin.ForkJoinTask.doExec(ForkJoinTask.java:260)
	at akka.dispatch.forkjoin.ForkJoinPool$WorkQueue.runTask(ForkJoinPool.java:1339)
	at akka.dispatch.forkjoin.ForkJoinPool.runWorker(ForkJoinPool.java:1979)
	at akka.dispatch.forkjoin.ForkJoinWorkerThread.run(ForkJoinWorkerThread.java:107)
2017-12-01 08:40:26,155 [INFO] from play.api.http.EnabledFilters in play-dev-mode-akka.actor.default-dispatcher-59 - Enabled Filters (see <https://www.playframework.com/documentation/latest/Filters>):

    play.filters.csrf.CSRFFilter
    play.filters.headers.SecurityHeadersFilter
    play.filters.hosts.AllowedHostsFilter

2017-12-01 08:40:26,204 [INFO] from play.api.Play in play-dev-mode-akka.actor.default-dispatcher-59 - Application started (Dev)
2017-12-01 08:48:17,536 [INFO] from play.api.http.EnabledFilters in play-dev-mode-akka.actor.default-dispatcher-70 - Enabled Filters (see <https://www.playframework.com/documentation/latest/Filters>):

    play.filters.csrf.CSRFFilter
    play.filters.headers.SecurityHeadersFilter
    play.filters.hosts.AllowedHostsFilter

2017-12-01 08:48:17,615 [INFO] from play.api.Play in play-dev-mode-akka.actor.default-dispatcher-70 - Application started (Dev)
2017-12-01 09:01:57,344 [INFO] from play.core.server.AkkaHttpServer in pool-5-thread-3 - Stopping server...
